The target system is: Android - 1 - armv7-a
The host system is: Linux - 5.4.0-150-generic - x86_64
Detecting C compiler ABI info compiled with the following output:
Change Dir: /home/sahil/Downloads/depth_final/Depth_Estimation/app/.cxx/Debug/35g4t5h4/armeabi-v7a/CMakeFiles/CMakeTmp

Run Build Command(s):/home/sahil/Android/Sdk/cmake/3.18.1/bin/ninja cmTC_fd789 && [1/2] Building C object CMakeFiles/cmTC_fd789.dir/CMakeCCompilerABI.c.o
Android (4691093 based on r316199) clang version 6.0.2 (https://android.googlesource.com/toolchain/clang 183abd29fc496f55536e7d904e0abae47888fc7f) (https://android.googlesource.com/toolchain/llvm 34361f192e41ed6e4e8f9aca80a4ea7e9856f327) (based on LLVM 6.0.2svn)
Target: armv7-none-linux-android
Thread model: posix
InstalledDir: /home/sahil/Android/Sdk/ndk/17.2.4988734/toolchains/llvm/prebuilt/linux-x86_64/bin
Found candidate GCC installation: /home/sahil/Android/Sdk/ndk/17.2.4988734/toolchains/arm-linux-androideabi-4.9/prebuilt/linux-x86_64/lib/gcc/arm-linux-androideabi/4.9.x
Selected GCC installation: /home/sahil/Android/Sdk/ndk/17.2.4988734/toolchains/arm-linux-androideabi-4.9/prebuilt/linux-x86_64/lib/gcc/arm-linux-androideabi/4.9.x
Candidate multilib: thumb;@mthumb
Candidate multilib: armv7-a;@march=armv7-a
Candidate multilib: armv7-a/thumb;@march=armv7-a@mthumb
Candidate multilib: .;
Selected multilib: armv7-a/thumb;@march=armv7-a@mthumb
 "/home/sahil/Android/Sdk/ndk/17.2.4988734/toolchains/llvm/prebuilt/linux-x86_64/bin/clang" -cc1 -triple thumbv7-none-linux-android -emit-obj -mrelax-all -mnoexecstack -disable-free -disable-llvm-verifier -discard-value-names -main-file-name CMakeCCompilerABI.c -mrelocation-model pic -pic-level 2 -pic-is-pie -mthread-model posix -mdisable-fp-elim -fmath-errno -masm-verbose -mconstructor-aliases -munwind-tables -fuse-init-array -target-cpu generic -target-feature +soft-float-abi -target-feature -fp-only-sp -target-feature +d16 -target-feature +vfp3 -target-feature -fp16 -target-feature -vfp4 -target-feature -fp-armv8 -target-feature -neon -target-feature -crypto -target-abi aapcs-linux -mfloat-abi soft -fallow-half-arguments-and-returns -dwarf-column-info -debug-info-kind=limited -dwarf-version=4 -debugger-tuning=gdb -v -ffunction-sections -coverage-notes-file /home/sahil/Downloads/depth_final/Depth_Estimation/app/.cxx/Debug/35g4t5h4/armeabi-v7a/CMakeFiles/CMakeTmp/CMakeFiles/cmTC_fd789.dir/CMakeCCompilerABI.c.gcno -resource-dir /home/sahil/Android/Sdk/ndk/17.2.4988734/toolchains/llvm/prebuilt/linux-x86_64/lib64/clang/6.0.2 -dependency-file CMakeFiles/cmTC_fd789.dir/CMakeCCompilerABI.c.o.d -sys-header-deps -MT CMakeFiles/cmTC_fd789.dir/CMakeCCompilerABI.c.o -isystem /home/sahil/Android/Sdk/ndk/17.2.4988734/sysroot/usr/include/arm-linux-androideabi -D __ANDROID_API__=24 -D ANDROID -isysroot /home/sahil/Android/Sdk/ndk/17.2.4988734/sysroot -internal-isystem /home/sahil/Android/Sdk/ndk/17.2.4988734/sysroot/usr/local/include -internal-isystem /home/sahil/Android/Sdk/ndk/17.2.4988734/toolchains/llvm/prebuilt/linux-x86_64/lib64/clang/6.0.2/include -internal-externc-isystem /home/sahil/Android/Sdk/ndk/17.2.4988734/sysroot/include -internal-externc-isystem /home/sahil/Android/Sdk/ndk/17.2.4988734/sysroot/usr/include -Wformat -fdebug-compilation-dir /home/sahil/Downloads/depth_final/Depth_Estimation/app/.cxx/Debug/35g4t5h4/armeabi-v7a/CMakeFiles/CMakeTmp -ferror-limit 19 -fmessage-length 0 -femulated-tls -stack-protector 2 -fno-signed-char -fobjc-runtime=gcc -fdiagnostics-show-option -o CMakeFiles/cmTC_fd789.dir/CMakeCCompilerABI.c.o -x c /home/sahil/Android/Sdk/cmake/3.18.1/share/cmake-3.18/Modules/CMakeCCompilerABI.c
clang -cc1 version 6.0.2 based upon LLVM 6.0.2svn default target x86_64-unknown-linux-gnu
ignoring nonexistent directory "/home/sahil/Android/Sdk/ndk/17.2.4988734/sysroot/usr/local/include"
ignoring nonexistent directory "/home/sahil/Android/Sdk/ndk/17.2.4988734/sysroot/include"
#include "..." search starts here:
#include <...> search starts here:
 /home/sahil/Android/Sdk/ndk/17.2.4988734/sysroot/usr/include/arm-linux-androideabi
 /home/sahil/Android/Sdk/ndk/17.2.4988734/toolchains/llvm/prebuilt/linux-x86_64/lib64/clang/6.0.2/include
 /home/sahil/Android/Sdk/ndk/17.2.4988734/sysroot/usr/include
End of search list.
[2/2] Linking C executable cmTC_fd789
Android (4691093 based on r316199) clang version 6.0.2 (https://android.googlesource.com/toolchain/clang 183abd29fc496f55536e7d904e0abae47888fc7f) (https://android.googlesource.com/toolchain/llvm 34361f192e41ed6e4e8f9aca80a4ea7e9856f327) (based on LLVM 6.0.2svn)
Target: armv7-none-linux-android
Thread model: posix
InstalledDir: /home/sahil/Android/Sdk/ndk/17.2.4988734/toolchains/llvm/prebuilt/linux-x86_64/bin
Found candidate GCC installation: /home/sahil/Android/Sdk/ndk/17.2.4988734/toolchains/arm-linux-androideabi-4.9/prebuilt/linux-x86_64/lib/gcc/arm-linux-androideabi/4.9.x
Selected GCC installation: /home/sahil/Android/Sdk/ndk/17.2.4988734/toolchains/arm-linux-androideabi-4.9/prebuilt/linux-x86_64/lib/gcc/arm-linux-androideabi/4.9.x
Candidate multilib: thumb;@mthumb
Candidate multilib: armv7-a;@march=armv7-a
Candidate multilib: armv7-a/thumb;@march=armv7-a@mthumb
Candidate multilib: .;
Selected multilib: armv7-a/thumb;@march=armv7-a@mthumb
 "/home/sahil/Android/Sdk/ndk/17.2.4988734/toolchains/arm-linux-androideabi-4.9/prebuilt/linux-x86_64/lib/gcc/arm-linux-androideabi/4.9.x/../../../../arm-linux-androideabi/bin/ld" --sysroot=/home/sahil/Android/Sdk/ndk/17.2.4988734/platforms/android-24/arch-arm -pie -X --eh-frame-hdr -m armelf_linux_eabi -dynamic-linker /system/bin/linker -o cmTC_fd789 /home/sahil/Android/Sdk/ndk/17.2.4988734/platforms/android-24/arch-arm/usr/lib/../lib/crtbegin_dynamic.o -L/home/sahil/Android/Sdk/ndk/17.2.4988734/sources/cxx-stl/llvm-libc++/libs/armeabi-v7a -L/home/sahil/Android/Sdk/ndk/17.2.4988734/toolchains/llvm/prebuilt/linux-x86_64/lib64/clang/6.0.2/lib/linux/arm -L/home/sahil/Android/Sdk/ndk/17.2.4988734/toolchains/arm-linux-androideabi-4.9/prebuilt/linux-x86_64/lib/gcc/arm-linux-androideabi/4.9.x/armv7-a/thumb -L/home/sahil/Android/Sdk/ndk/17.2.4988734/toolchains/arm-linux-androideabi-4.9/prebuilt/linux-x86_64/lib/gcc/arm-linux-androideabi/4.9.x/../../../../arm-linux-androideabi/lib/../lib/armv7-a/thumb -L/home/sahil/Android/Sdk/ndk/17.2.4988734/platforms/android-24/arch-arm/usr/lib/../lib -L/home/sahil/Android/Sdk/ndk/17.2.4988734/toolchains/arm-linux-androideabi-4.9/prebuilt/linux-x86_64/lib/gcc/arm-linux-androideabi/4.9.x/../../../../arm-linux-androideabi/lib/armv7-a/thumb -L/home/sahil/Android/Sdk/ndk/17.2.4988734/platforms/android-24/arch-arm/usr/lib --exclude-libs libgcc.a --exclude-libs libatomic.a --build-id --warn-shared-textrel --fatal-warnings --fix-cortex-a8 --exclude-libs libunwind.a --no-undefined -z noexecstack -z relro -z now --gc-sections -z nocopyreloc CMakeFiles/cmTC_fd789.dir/CMakeCCompilerABI.c.o -lgcc -ldl -lc -lgcc -ldl /home/sahil/Android/Sdk/ndk/17.2.4988734/platforms/android-24/arch-arm/usr/lib/../lib/crtend_android.o



Parsed C implicit include dir info from above output: rv=done
  found start of include info
  found start of implicit include info
    add: [/home/sahil/Android/Sdk/ndk/17.2.4988734/sysroot/usr/include/arm-linux-androideabi]
    add: [/home/sahil/Android/Sdk/ndk/17.2.4988734/toolchains/llvm/prebuilt/linux-x86_64/lib64/clang/6.0.2/include]
    add: [/home/sahil/Android/Sdk/ndk/17.2.4988734/sysroot/usr/include]
  end of search list found
  collapse include dir [/home/sahil/Android/Sdk/ndk/17.2.4988734/sysroot/usr/include/arm-linux-androideabi] ==> [/home/sahil/Android/Sdk/ndk/17.2.4988734/sysroot/usr/include/arm-linux-androideabi]
  collapse include dir [/home/sahil/Android/Sdk/ndk/17.2.4988734/toolchains/llvm/prebuilt/linux-x86_64/lib64/clang/6.0.2/include] ==> [/home/sahil/Android/Sdk/ndk/17.2.4988734/toolchains/llvm/prebuilt/linux-x86_64/lib64/clang/6.0.2/include]
  collapse include dir [/home/sahil/Android/Sdk/ndk/17.2.4988734/sysroot/usr/include] ==> [/home/sahil/Android/Sdk/ndk/17.2.4988734/sysroot/usr/include]
  implicit include dirs: [/home/sahil/Android/Sdk/ndk/17.2.4988734/sysroot/usr/include/arm-linux-androideabi;/home/sahil/Android/Sdk/ndk/17.2.4988734/toolchains/llvm/prebuilt/linux-x86_64/lib64/clang/6.0.2/include;/home/sahil/Android/Sdk/ndk/17.2.4988734/sysroot/usr/include]


Parsed C implicit link information from above output:
  link line regex: [^( *|.*[/\])(arm-linux-androideabi-ld|CMAKE_LINK_STARTFILE-NOTFOUND|([^/\]+-)?ld|collect2)[^/\]*( |$)]
  ignore line: [Change Dir: /home/sahil/Downloads/depth_final/Depth_Estimation/app/.cxx/Debug/35g4t5h4/armeabi-v7a/CMakeFiles/CMakeTmp]
  ignore line: []
  ignore line: [Run Build Command(s):/home/sahil/Android/Sdk/cmake/3.18.1/bin/ninja cmTC_fd789 && [1/2] Building C object CMakeFiles/cmTC_fd789.dir/CMakeCCompilerABI.c.o]
  ignore line: [Android (4691093 based on r316199) clang version 6.0.2 (https://android.googlesource.com/toolchain/clang 183abd29fc496f55536e7d904e0abae47888fc7f) (https://android.googlesource.com/toolchain/llvm 34361f192e41ed6e4e8f9aca80a4ea7e9856f327) (based on LLVM 6.0.2svn)]
  ignore line: [Target: armv7-none-linux-android]
  ignore line: [Thread model: posix]
  ignore line: [InstalledDir: /home/sahil/Android/Sdk/ndk/17.2.4988734/toolchains/llvm/prebuilt/linux-x86_64/bin]
  ignore line: [Found candidate GCC installation: /home/sahil/Android/Sdk/ndk/17.2.4988734/toolchains/arm-linux-androideabi-4.9/prebuilt/linux-x86_64/lib/gcc/arm-linux-androideabi/4.9.x]
  ignore line: [Selected GCC installation: /home/sahil/Android/Sdk/ndk/17.2.4988734/toolchains/arm-linux-androideabi-4.9/prebuilt/linux-x86_64/lib/gcc/arm-linux-androideabi/4.9.x]
  ignore line: [Candidate multilib: thumb]
  ignore line: [@mthumb]
  ignore line: [Candidate multilib: armv7-a]
  ignore line: [@march=armv7-a]
  ignore line: [Candidate multilib: armv7-a/thumb]
  ignore line: [@march=armv7-a@mthumb]
  ignore line: [Candidate multilib: .]
  ignore line: []
  ignore line: [Selected multilib: armv7-a/thumb]
  ignore line: [@march=armv7-a@mthumb]
  ignore line: [ "/home/sahil/Android/Sdk/ndk/17.2.4988734/toolchains/llvm/prebuilt/linux-x86_64/bin/clang" -cc1 -triple thumbv7-none-linux-android -emit-obj -mrelax-all -mnoexecstack -disable-free -disable-llvm-verifier -discard-value-names -main-file-name CMakeCCompilerABI.c -mrelocation-model pic -pic-level 2 -pic-is-pie -mthread-model posix -mdisable-fp-elim -fmath-errno -masm-verbose -mconstructor-aliases -munwind-tables -fuse-init-array -target-cpu generic -target-feature +soft-float-abi -target-feature -fp-only-sp -target-feature +d16 -target-feature +vfp3 -target-feature -fp16 -target-feature -vfp4 -target-feature -fp-armv8 -target-feature -neon -target-feature -crypto -target-abi aapcs-linux -mfloat-abi soft -fallow-half-arguments-and-returns -dwarf-column-info -debug-info-kind=limited -dwarf-version=4 -debugger-tuning=gdb -v -ffunction-sections -coverage-notes-file /home/sahil/Downloads/depth_final/Depth_Estimation/app/.cxx/Debug/35g4t5h4/armeabi-v7a/CMakeFiles/CMakeTmp/CMakeFiles/cmTC_fd789.dir/CMakeCCompilerABI.c.gcno -resource-dir /home/sahil/Android/Sdk/ndk/17.2.4988734/toolchains/llvm/prebuilt/linux-x86_64/lib64/clang/6.0.2 -dependency-file CMakeFiles/cmTC_fd789.dir/CMakeCCompilerABI.c.o.d -sys-header-deps -MT CMakeFiles/cmTC_fd789.dir/CMakeCCompilerABI.c.o -isystem /home/sahil/Android/Sdk/ndk/17.2.4988734/sysroot/usr/include/arm-linux-androideabi -D __ANDROID_API__=24 -D ANDROID -isysroot /home/sahil/Android/Sdk/ndk/17.2.4988734/sysroot -internal-isystem /home/sahil/Android/Sdk/ndk/17.2.4988734/sysroot/usr/local/include -internal-isystem /home/sahil/Android/Sdk/ndk/17.2.4988734/toolchains/llvm/prebuilt/linux-x86_64/lib64/clang/6.0.2/include -internal-externc-isystem /home/sahil/Android/Sdk/ndk/17.2.4988734/sysroot/include -internal-externc-isystem /home/sahil/Android/Sdk/ndk/17.2.4988734/sysroot/usr/include -Wformat -fdebug-compilation-dir /home/sahil/Downloads/depth_final/Depth_Estimation/app/.cxx/Debug/35g4t5h4/armeabi-v7a/CMakeFiles/CMakeTmp -ferror-limit 19 -fmessage-length 0 -femulated-tls -stack-protector 2 -fno-signed-char -fobjc-runtime=gcc -fdiagnostics-show-option -o CMakeFiles/cmTC_fd789.dir/CMakeCCompilerABI.c.o -x c /home/sahil/Android/Sdk/cmake/3.18.1/share/cmake-3.18/Modules/CMakeCCompilerABI.c]
  ignore line: [clang -cc1 version 6.0.2 based upon LLVM 6.0.2svn default target x86_64-unknown-linux-gnu]
  ignore line: [ignoring nonexistent directory "/home/sahil/Android/Sdk/ndk/17.2.4988734/sysroot/usr/local/include"]
  ignore line: [ignoring nonexistent directory "/home/sahil/Android/Sdk/ndk/17.2.4988734/sysroot/include"]
  ignore line: [#include "..." search starts here:]
  ignore line: [#include <...> search starts here:]
  ignore line: [ /home/sahil/Android/Sdk/ndk/17.2.4988734/sysroot/usr/include/arm-linux-androideabi]
  ignore line: [ /home/sahil/Android/Sdk/ndk/17.2.4988734/toolchains/llvm/prebuilt/linux-x86_64/lib64/clang/6.0.2/include]
  ignore line: [ /home/sahil/Android/Sdk/ndk/17.2.4988734/sysroot/usr/include]
  ignore line: [End of search list.]
  ignore line: [[2/2] Linking C executable cmTC_fd789]
  ignore line: [Android (4691093 based on r316199) clang version 6.0.2 (https://android.googlesource.com/toolchain/clang 183abd29fc496f55536e7d904e0abae47888fc7f) (https://android.googlesource.com/toolchain/llvm 34361f192e41ed6e4e8f9aca80a4ea7e9856f327) (based on LLVM 6.0.2svn)]
  ignore line: [Target: armv7-none-linux-android]
  ignore line: [Thread model: posix]
  ignore line: [InstalledDir: /home/sahil/Android/Sdk/ndk/17.2.4988734/toolchains/llvm/prebuilt/linux-x86_64/bin]
  ignore line: [Found candidate GCC installation: /home/sahil/Android/Sdk/ndk/17.2.4988734/toolchains/arm-linux-androideabi-4.9/prebuilt/linux-x86_64/lib/gcc/arm-linux-androideabi/4.9.x]
  ignore line: [Selected GCC installation: /home/sahil/Android/Sdk/ndk/17.2.4988734/toolchains/arm-linux-androideabi-4.9/prebuilt/linux-x86_64/lib/gcc/arm-linux-androideabi/4.9.x]
  ignore line: [Candidate multilib: thumb]
  ignore line: [@mthumb]
  ignore line: [Candidate multilib: armv7-a]
  ignore line: [@march=armv7-a]
  ignore line: [Candidate multilib: armv7-a/thumb]
  ignore line: [@march=armv7-a@mthumb]
  ignore line: [Candidate multilib: .]
  ignore line: []
  ignore line: [Selected multilib: armv7-a/thumb]
  ignore line: [@march=armv7-a@mthumb]
  link line: [ "/home/sahil/Android/Sdk/ndk/17.2.4988734/toolchains/arm-linux-androideabi-4.9/prebuilt/linux-x86_64/lib/gcc/arm-linux-androideabi/4.9.x/../../../../arm-linux-androideabi/bin/ld" --sysroot=/home/sahil/Android/Sdk/ndk/17.2.4988734/platforms/android-24/arch-arm -pie -X --eh-frame-hdr -m armelf_linux_eabi -dynamic-linker /system/bin/linker -o cmTC_fd789 /home/sahil/Android/Sdk/ndk/17.2.4988734/platforms/android-24/arch-arm/usr/lib/../lib/crtbegin_dynamic.o -L/home/sahil/Android/Sdk/ndk/17.2.4988734/sources/cxx-stl/llvm-libc++/libs/armeabi-v7a -L/home/sahil/Android/Sdk/ndk/17.2.4988734/toolchains/llvm/prebuilt/linux-x86_64/lib64/clang/6.0.2/lib/linux/arm -L/home/sahil/Android/Sdk/ndk/17.2.4988734/toolchains/arm-linux-androideabi-4.9/prebuilt/linux-x86_64/lib/gcc/arm-linux-androideabi/4.9.x/armv7-a/thumb -L/home/sahil/Android/Sdk/ndk/17.2.4988734/toolchains/arm-linux-androideabi-4.9/prebuilt/linux-x86_64/lib/gcc/arm-linux-androideabi/4.9.x/../../../../arm-linux-androideabi/lib/../lib/armv7-a/thumb -L/home/sahil/Android/Sdk/ndk/17.2.4988734/platforms/android-24/arch-arm/usr/lib/../lib -L/home/sahil/Android/Sdk/ndk/17.2.4988734/toolchains/arm-linux-androideabi-4.9/prebuilt/linux-x86_64/lib/gcc/arm-linux-androideabi/4.9.x/../../../../arm-linux-androideabi/lib/armv7-a/thumb -L/home/sahil/Android/Sdk/ndk/17.2.4988734/platforms/android-24/arch-arm/usr/lib --exclude-libs libgcc.a --exclude-libs libatomic.a --build-id --warn-shared-textrel --fatal-warnings --fix-cortex-a8 --exclude-libs libunwind.a --no-undefined -z noexecstack -z relro -z now --gc-sections -z nocopyreloc CMakeFiles/cmTC_fd789.dir/CMakeCCompilerABI.c.o -lgcc -ldl -lc -lgcc -ldl /home/sahil/Android/Sdk/ndk/17.2.4988734/platforms/android-24/arch-arm/usr/lib/../lib/crtend_android.o]
    arg [/home/sahil/Android/Sdk/ndk/17.2.4988734/toolchains/arm-linux-androideabi-4.9/prebuilt/linux-x86_64/lib/gcc/arm-linux-androideabi/4.9.x/../../../../arm-linux-androideabi/bin/ld] ==> ignore
    arg [--sysroot=/home/sahil/Android/Sdk/ndk/17.2.4988734/platforms/android-24/arch-arm] ==> ignore
    arg [-pie] ==> ignore
    arg [-X] ==> ignore
    arg [--eh-frame-hdr] ==> ignore
    arg [-m] ==> ignore
    arg [armelf_linux_eabi] ==> ignore
    arg [-dynamic-linker] ==> ignore
    arg [/system/bin/linker] ==> ignore
    arg [-o] ==> ignore
    arg [cmTC_fd789] ==> ignore
    arg [/home/sahil/Android/Sdk/ndk/17.2.4988734/platforms/android-24/arch-arm/usr/lib/../lib/crtbegin_dynamic.o] ==> ignore
    arg [-L/home/sahil/Android/Sdk/ndk/17.2.4988734/sources/cxx-stl/llvm-libc++/libs/armeabi-v7a] ==> dir [/home/sahil/Android/Sdk/ndk/17.2.4988734/sources/cxx-stl/llvm-libc++/libs/armeabi-v7a]
    arg [-L/home/sahil/Android/Sdk/ndk/17.2.4988734/toolchains/llvm/prebuilt/linux-x86_64/lib64/clang/6.0.2/lib/linux/arm] ==> dir [/home/sahil/Android/Sdk/ndk/17.2.4988734/toolchains/llvm/prebuilt/linux-x86_64/lib64/clang/6.0.2/lib/linux/arm]
    arg [-L/home/sahil/Android/Sdk/ndk/17.2.4988734/toolchains/arm-linux-androideabi-4.9/prebuilt/linux-x86_64/lib/gcc/arm-linux-androideabi/4.9.x/armv7-a/thumb] ==> dir [/home/sahil/Android/Sdk/ndk/17.2.4988734/toolchains/arm-linux-androideabi-4.9/prebuilt/linux-x86_64/lib/gcc/arm-linux-androideabi/4.9.x/armv7-a/thumb]
    arg [-L/home/sahil/Android/Sdk/ndk/17.2.4988734/toolchains/arm-linux-androideabi-4.9/prebuilt/linux-x86_64/lib/gcc/arm-linux-androideabi/4.9.x/../../../../arm-linux-androideabi/lib/../lib/armv7-a/thumb] ==> dir [/home/sahil/Android/Sdk/ndk/17.2.4988734/toolchains/arm-linux-androideabi-4.9/prebuilt/linux-x86_64/lib/gcc/arm-linux-androideabi/4.9.x/../../../../arm-linux-androideabi/lib/../lib/armv7-a/thumb]
    arg [-L/home/sahil/Android/Sdk/ndk/17.2.4988734/platforms/android-24/arch-arm/usr/lib/../lib] ==> dir [/home/sahil/Android/Sdk/ndk/17.2.4988734/platforms/android-24/arch-arm/usr/lib/../lib]
    arg [-L/home/sahil/Android/Sdk/ndk/17.2.4988734/toolchains/arm-linux-androideabi-4.9/prebuilt/linux-x86_64/lib/gcc/arm-linux-androideabi/4.9.x/../../../../arm-linux-androideabi/lib/armv7-a/thumb] ==> dir [/home/sahil/Android/Sdk/ndk/17.2.4988734/toolchains/arm-linux-androideabi-4.9/prebuilt/linux-x86_64/lib/gcc/arm-linux-androideabi/4.9.x/../../../../arm-linux-androideabi/lib/armv7-a/thumb]
    arg [-L/home/sahil/Android/Sdk/ndk/17.2.4988734/platforms/android-24/arch-arm/usr/lib] ==> dir [/home/sahil/Android/Sdk/ndk/17.2.4988734/platforms/android-24/arch-arm/usr/lib]
    arg [--exclude-libs] ==> ignore
    arg [libgcc.a] ==> ignore
    arg [--exclude-libs] ==> ignore
    arg [libatomic.a] ==> ignore
    arg [--build-id] ==> ignore
    arg [--warn-shared-textrel] ==> ignore
    arg [--fatal-warnings] ==> ignore
    arg [--fix-cortex-a8] ==> ignore
    arg [--exclude-libs] ==> ignore
    arg [libunwind.a] ==> ignore
    arg [--no-undefined] ==> ignore
    arg [-znoexecstack] ==> ignore
    arg [-zrelro] ==> ignore
    arg [-znow] ==> ignore
    arg [--gc-sections] ==> ignore
    arg [-znocopyreloc] ==> ignore
    arg [CMakeFiles/cmTC_fd789.dir/CMakeCCompilerABI.c.o] ==> ignore
    arg [-lgcc] ==> lib [gcc]
    arg [-ldl] ==> lib [dl]
    arg [-lc] ==> lib [c]
    arg [-lgcc] ==> lib [gcc]
    arg [-ldl] ==> lib [dl]
    arg [/home/sahil/Android/Sdk/ndk/17.2.4988734/platforms/android-24/arch-arm/usr/lib/../lib/crtend_android.o] ==> ignore
  collapse library dir [/home/sahil/Android/Sdk/ndk/17.2.4988734/sources/cxx-stl/llvm-libc++/libs/armeabi-v7a] ==> [/home/sahil/Android/Sdk/ndk/17.2.4988734/sources/cxx-stl/llvm-libc++/libs/armeabi-v7a]
  collapse library dir [/home/sahil/Android/Sdk/ndk/17.2.4988734/toolchains/llvm/prebuilt/linux-x86_64/lib64/clang/6.0.2/lib/linux/arm] ==> [/home/sahil/Android/Sdk/ndk/17.2.4988734/toolchains/llvm/prebuilt/linux-x86_64/lib64/clang/6.0.2/lib/linux/arm]
  collapse library dir [/home/sahil/Android/Sdk/ndk/17.2.4988734/toolchains/arm-linux-androideabi-4.9/prebuilt/linux-x86_64/lib/gcc/arm-linux-androideabi/4.9.x/armv7-a/thumb] ==> [/home/sahil/Android/Sdk/ndk/17.2.4988734/toolchains/arm-linux-androideabi-4.9/prebuilt/linux-x86_64/lib/gcc/arm-linux-androideabi/4.9.x/armv7-a/thumb]
  collapse library dir [/home/sahil/Android/Sdk/ndk/17.2.4988734/toolchains/arm-linux-androideabi-4.9/prebuilt/linux-x86_64/lib/gcc/arm-linux-androideabi/4.9.x/../../../../arm-linux-androideabi/lib/../lib/armv7-a/thumb] ==> [/home/sahil/Android/Sdk/ndk/17.2.4988734/toolchains/arm-linux-androideabi-4.9/prebuilt/linux-x86_64/arm-linux-androideabi/lib/armv7-a/thumb]
  collapse library dir [/home/sahil/Android/Sdk/ndk/17.2.4988734/platforms/android-24/arch-arm/usr/lib/../lib] ==> [/home/sahil/Android/Sdk/ndk/17.2.4988734/platforms/android-24/arch-arm/usr/lib]
  collapse library dir [/home/sahil/Android/Sdk/ndk/17.2.4988734/toolchains/arm-linux-androideabi-4.9/prebuilt/linux-x86_64/lib/gcc/arm-linux-androideabi/4.9.x/../../../../arm-linux-androideabi/lib/armv7-a/thumb] ==> [/home/sahil/Android/Sdk/ndk/17.2.4988734/toolchains/arm-linux-androideabi-4.9/prebuilt/linux-x86_64/arm-linux-androideabi/lib/armv7-a/thumb]
  collapse library dir [/home/sahil/Android/Sdk/ndk/17.2.4988734/platforms/android-24/arch-arm/usr/lib] ==> [/home/sahil/Android/Sdk/ndk/17.2.4988734/platforms/android-24/arch-arm/usr/lib]
  implicit libs: [gcc;dl;c;gcc;dl]
  implicit dirs: [/home/sahil/Android/Sdk/ndk/17.2.4988734/sources/cxx-stl/llvm-libc++/libs/armeabi-v7a;/home/sahil/Android/Sdk/ndk/17.2.4988734/toolchains/llvm/prebuilt/linux-x86_64/lib64/clang/6.0.2/lib/linux/arm;/home/sahil/Android/Sdk/ndk/17.2.4988734/toolchains/arm-linux-androideabi-4.9/prebuilt/linux-x86_64/lib/gcc/arm-linux-androideabi/4.9.x/armv7-a/thumb;/home/sahil/Android/Sdk/ndk/17.2.4988734/toolchains/arm-linux-androideabi-4.9/prebuilt/linux-x86_64/arm-linux-androideabi/lib/armv7-a/thumb;/home/sahil/Android/Sdk/ndk/17.2.4988734/platforms/android-24/arch-arm/usr/lib]
  implicit fwks: []


Detecting CXX compiler ABI info compiled with the following output:
Change Dir: /home/sahil/Downloads/depth_final/Depth_Estimation/app/.cxx/Debug/35g4t5h4/armeabi-v7a/CMakeFiles/CMakeTmp

Run Build Command(s):/home/sahil/Android/Sdk/cmake/3.18.1/bin/ninja cmTC_32983 && [1/2] Building CXX object CMakeFiles/cmTC_32983.dir/CMakeCXXCompilerABI.cpp.o
Android (4691093 based on r316199) clang version 6.0.2 (https://android.googlesource.com/toolchain/clang 183abd29fc496f55536e7d904e0abae47888fc7f) (https://android.googlesource.com/toolchain/llvm 34361f192e41ed6e4e8f9aca80a4ea7e9856f327) (based on LLVM 6.0.2svn)
Target: armv7-none-linux-android
Thread model: posix
InstalledDir: /home/sahil/Android/Sdk/ndk/17.2.4988734/toolchains/llvm/prebuilt/linux-x86_64/bin
Found candidate GCC installation: /home/sahil/Android/Sdk/ndk/17.2.4988734/toolchains/arm-linux-androideabi-4.9/prebuilt/linux-x86_64/lib/gcc/arm-linux-androideabi/4.9.x
Selected GCC installation: /home/sahil/Android/Sdk/ndk/17.2.4988734/toolchains/arm-linux-androideabi-4.9/prebuilt/linux-x86_64/lib/gcc/arm-linux-androideabi/4.9.x
Candidate multilib: thumb;@mthumb
Candidate multilib: armv7-a;@march=armv7-a
Candidate multilib: armv7-a/thumb;@march=armv7-a@mthumb
Candidate multilib: .;
Selected multilib: armv7-a/thumb;@march=armv7-a@mthumb
 "/home/sahil/Android/Sdk/ndk/17.2.4988734/toolchains/llvm/prebuilt/linux-x86_64/bin/clang++" -cc1 -triple thumbv7-none-linux-android -emit-obj -mrelax-all -mnoexecstack -disable-free -disable-llvm-verifier -discard-value-names -main-file-name CMakeCXXCompilerABI.cpp -mrelocation-model pic -pic-level 2 -pic-is-pie -mthread-model posix -mdisable-fp-elim -fmath-errno -masm-verbose -mconstructor-aliases -munwind-tables -fuse-init-array -target-cpu generic -target-feature +soft-float-abi -target-feature -fp-only-sp -target-feature +d16 -target-feature +vfp3 -target-feature -fp16 -target-feature -vfp4 -target-feature -fp-armv8 -target-feature -neon -target-feature -crypto -target-abi aapcs-linux -mfloat-abi soft -fallow-half-arguments-and-returns -dwarf-column-info -debug-info-kind=limited -dwarf-version=4 -debugger-tuning=gdb -v -ffunction-sections -coverage-notes-file /home/sahil/Downloads/depth_final/Depth_Estimation/app/.cxx/Debug/35g4t5h4/armeabi-v7a/CMakeFiles/CMakeTmp/CMakeFiles/cmTC_32983.dir/CMakeCXXCompilerABI.cpp.gcno -resource-dir /home/sahil/Android/Sdk/ndk/17.2.4988734/toolchains/llvm/prebuilt/linux-x86_64/lib64/clang/6.0.2 -dependency-file CMakeFiles/cmTC_32983.dir/CMakeCXXCompilerABI.cpp.o.d -sys-header-deps -MT CMakeFiles/cmTC_32983.dir/CMakeCXXCompilerABI.cpp.o -isystem /home/sahil/Android/Sdk/ndk/17.2.4988734/sources/cxx-stl/llvm-libc++/include -isystem /home/sahil/Android/Sdk/ndk/17.2.4988734/sources/android/support/include -isystem /home/sahil/Android/Sdk/ndk/17.2.4988734/sources/cxx-stl/llvm-libc++abi/include -isystem /home/sahil/Android/Sdk/ndk/17.2.4988734/sysroot/usr/include/arm-linux-androideabi -D __ANDROID_API__=24 -D ANDROID -isysroot /home/sahil/Android/Sdk/ndk/17.2.4988734/sysroot -internal-isystem /home/sahil/Android/Sdk/ndk/17.2.4988734/sysroot/usr/local/include -internal-isystem /home/sahil/Android/Sdk/ndk/17.2.4988734/toolchains/llvm/prebuilt/linux-x86_64/lib64/clang/6.0.2/include -internal-externc-isystem /home/sahil/Android/Sdk/ndk/17.2.4988734/sysroot/include -internal-externc-isystem /home/sahil/Android/Sdk/ndk/17.2.4988734/sysroot/usr/include -Wformat -std=c++11 -fdeprecated-macro -fdebug-compilation-dir /home/sahil/Downloads/depth_final/Depth_Estimation/app/.cxx/Debug/35g4t5h4/armeabi-v7a/CMakeFiles/CMakeTmp -ferror-limit 19 -fmessage-length 0 -femulated-tls -stack-protector 2 -fno-signed-char -fobjc-runtime=gcc -fcxx-exceptions -fexceptions -fdiagnostics-show-option -o CMakeFiles/cmTC_32983.dir/CMakeCXXCompilerABI.cpp.o -x c++ /home/sahil/Android/Sdk/cmake/3.18.1/share/cmake-3.18/Modules/CMakeCXXCompilerABI.cpp
clang -cc1 version 6.0.2 based upon LLVM 6.0.2svn default target x86_64-unknown-linux-gnu
ignoring nonexistent directory "/home/sahil/Android/Sdk/ndk/17.2.4988734/sysroot/usr/local/include"
ignoring nonexistent directory "/home/sahil/Android/Sdk/ndk/17.2.4988734/sysroot/include"
#include "..." search starts here:
#include <...> search starts here:
 /home/sahil/Android/Sdk/ndk/17.2.4988734/sources/cxx-stl/llvm-libc++/include
 /home/sahil/Android/Sdk/ndk/17.2.4988734/sources/android/support/include
 /home/sahil/Android/Sdk/ndk/17.2.4988734/sources/cxx-stl/llvm-libc++abi/include
 /home/sahil/Android/Sdk/ndk/17.2.4988734/sysroot/usr/include/arm-linux-androideabi
 /home/sahil/Android/Sdk/ndk/17.2.4988734/toolchains/llvm/prebuilt/linux-x86_64/lib64/clang/6.0.2/include
 /home/sahil/Android/Sdk/ndk/17.2.4988734/sysroot/usr/include
End of search list.
[2/2] Linking CXX executable cmTC_32983
Android (4691093 based on r316199) clang version 6.0.2 (https://android.googlesource.com/toolchain/clang 183abd29fc496f55536e7d904e0abae47888fc7f) (https://android.googlesource.com/toolchain/llvm 34361f192e41ed6e4e8f9aca80a4ea7e9856f327) (based on LLVM 6.0.2svn)
Target: armv7-none-linux-android
Thread model: posix
InstalledDir: /home/sahil/Android/Sdk/ndk/17.2.4988734/toolchains/llvm/prebuilt/linux-x86_64/bin
Found candidate GCC installation: /home/sahil/Android/Sdk/ndk/17.2.4988734/toolchains/arm-linux-androideabi-4.9/prebuilt/linux-x86_64/lib/gcc/arm-linux-androideabi/4.9.x
Selected GCC installation: /home/sahil/Android/Sdk/ndk/17.2.4988734/toolchains/arm-linux-androideabi-4.9/prebuilt/linux-x86_64/lib/gcc/arm-linux-androideabi/4.9.x
Candidate multilib: thumb;@mthumb
Candidate multilib: armv7-a;@march=armv7-a
Candidate multilib: armv7-a/thumb;@march=armv7-a@mthumb
Candidate multilib: .;
Selected multilib: armv7-a/thumb;@march=armv7-a@mthumb
 "/home/sahil/Android/Sdk/ndk/17.2.4988734/toolchains/arm-linux-androideabi-4.9/prebuilt/linux-x86_64/lib/gcc/arm-linux-androideabi/4.9.x/../../../../arm-linux-androideabi/bin/ld" --sysroot=/home/sahil/Android/Sdk/ndk/17.2.4988734/platforms/android-24/arch-arm -pie -X --eh-frame-hdr -m armelf_linux_eabi -dynamic-linker /system/bin/linker -o cmTC_32983 /home/sahil/Android/Sdk/ndk/17.2.4988734/platforms/android-24/arch-arm/usr/lib/../lib/crtbegin_dynamic.o -L/home/sahil/Android/Sdk/ndk/17.2.4988734/sources/cxx-stl/llvm-libc++/libs/armeabi-v7a -L/home/sahil/Android/Sdk/ndk/17.2.4988734/toolchains/llvm/prebuilt/linux-x86_64/lib64/clang/6.0.2/lib/linux/arm -L/home/sahil/Android/Sdk/ndk/17.2.4988734/toolchains/arm-linux-androideabi-4.9/prebuilt/linux-x86_64/lib/gcc/arm-linux-androideabi/4.9.x/armv7-a/thumb -L/home/sahil/Android/Sdk/ndk/17.2.4988734/toolchains/arm-linux-androideabi-4.9/prebuilt/linux-x86_64/lib/gcc/arm-linux-androideabi/4.9.x/../../../../arm-linux-androideabi/lib/../lib/armv7-a/thumb -L/home/sahil/Android/Sdk/ndk/17.2.4988734/platforms/android-24/arch-arm/usr/lib/../lib -L/home/sahil/Android/Sdk/ndk/17.2.4988734/toolchains/arm-linux-androideabi-4.9/prebuilt/linux-x86_64/lib/gcc/arm-linux-androideabi/4.9.x/../../../../arm-linux-androideabi/lib/armv7-a/thumb -L/home/sahil/Android/Sdk/ndk/17.2.4988734/platforms/android-24/arch-arm/usr/lib --exclude-libs libgcc.a --exclude-libs libatomic.a --build-id --warn-shared-textrel --fatal-warnings --fix-cortex-a8 --exclude-libs libunwind.a --no-undefined -z noexecstack -z relro -z now --gc-sections -z nocopyreloc CMakeFiles/cmTC_32983.dir/CMakeCXXCompilerABI.cpp.o -lm -lgcc -lgcc -ldl -lc -lgcc -lgcc -ldl /home/sahil/Android/Sdk/ndk/17.2.4988734/platforms/android-24/arch-arm/usr/lib/../lib/crtend_android.o



Parsed CXX implicit include dir info from above output: rv=done
  found start of include info
  found start of implicit include info
    add: [/home/sahil/Android/Sdk/ndk/17.2.4988734/sources/cxx-stl/llvm-libc++/include]
    add: [/home/sahil/Android/Sdk/ndk/17.2.4988734/sources/android/support/include]
    add: [/home/sahil/Android/Sdk/ndk/17.2.4988734/sources/cxx-stl/llvm-libc++abi/include]
    add: [/home/sahil/Android/Sdk/ndk/17.2.4988734/sysroot/usr/include/arm-linux-androideabi]
    add: [/home/sahil/Android/Sdk/ndk/17.2.4988734/toolchains/llvm/prebuilt/linux-x86_64/lib64/clang/6.0.2/include]
    add: [/home/sahil/Android/Sdk/ndk/17.2.4988734/sysroot/usr/include]
  end of search list found
  collapse include dir [/home/sahil/Android/Sdk/ndk/17.2.4988734/sources/cxx-stl/llvm-libc++/include] ==> [/home/sahil/Android/Sdk/ndk/17.2.4988734/sources/cxx-stl/llvm-libc++/include]
  collapse include dir [/home/sahil/Android/Sdk/ndk/17.2.4988734/sources/android/support/include] ==> [/home/sahil/Android/Sdk/ndk/17.2.4988734/sources/android/support/include]
  collapse include dir [/home/sahil/Android/Sdk/ndk/17.2.4988734/sources/cxx-stl/llvm-libc++abi/include] ==> [/home/sahil/Android/Sdk/ndk/17.2.4988734/sources/cxx-stl/llvm-libc++abi/include]
  collapse include dir [/home/sahil/Android/Sdk/ndk/17.2.4988734/sysroot/usr/include/arm-linux-androideabi] ==> [/home/sahil/Android/Sdk/ndk/17.2.4988734/sysroot/usr/include/arm-linux-androideabi]
  collapse include dir [/home/sahil/Android/Sdk/ndk/17.2.4988734/toolchains/llvm/prebuilt/linux-x86_64/lib64/clang/6.0.2/include] ==> [/home/sahil/Android/Sdk/ndk/17.2.4988734/toolchains/llvm/prebuilt/linux-x86_64/lib64/clang/6.0.2/include]
  collapse include dir [/home/sahil/Android/Sdk/ndk/17.2.4988734/sysroot/usr/include] ==> [/home/sahil/Android/Sdk/ndk/17.2.4988734/sysroot/usr/include]
  implicit include dirs: [/home/sahil/Android/Sdk/ndk/17.2.4988734/sources/cxx-stl/llvm-libc++/include;/home/sahil/Android/Sdk/ndk/17.2.4988734/sources/android/support/include;/home/sahil/Android/Sdk/ndk/17.2.4988734/sources/cxx-stl/llvm-libc++abi/include;/home/sahil/Android/Sdk/ndk/17.2.4988734/sysroot/usr/include/arm-linux-androideabi;/home/sahil/Android/Sdk/ndk/17.2.4988734/toolchains/llvm/prebuilt/linux-x86_64/lib64/clang/6.0.2/include;/home/sahil/Android/Sdk/ndk/17.2.4988734/sysroot/usr/include]


Parsed CXX implicit link information from above output:
  link line regex: [^( *|.*[/\])(arm-linux-androideabi-ld|CMAKE_LINK_STARTFILE-NOTFOUND|([^/\]+-)?ld|collect2)[^/\]*( |$)]
  ignore line: [Change Dir: /home/sahil/Downloads/depth_final/Depth_Estimation/app/.cxx/Debug/35g4t5h4/armeabi-v7a/CMakeFiles/CMakeTmp]
  ignore line: []
  ignore line: [Run Build Command(s):/home/sahil/Android/Sdk/cmake/3.18.1/bin/ninja cmTC_32983 && [1/2] Building CXX object CMakeFiles/cmTC_32983.dir/CMakeCXXCompilerABI.cpp.o]
  ignore line: [Android (4691093 based on r316199) clang version 6.0.2 (https://android.googlesource.com/toolchain/clang 183abd29fc496f55536e7d904e0abae47888fc7f) (https://android.googlesource.com/toolchain/llvm 34361f192e41ed6e4e8f9aca80a4ea7e9856f327) (based on LLVM 6.0.2svn)]
  ignore line: [Target: armv7-none-linux-android]
  ignore line: [Thread model: posix]
  ignore line: [InstalledDir: /home/sahil/Android/Sdk/ndk/17.2.4988734/toolchains/llvm/prebuilt/linux-x86_64/bin]
  ignore line: [Found candidate GCC installation: /home/sahil/Android/Sdk/ndk/17.2.4988734/toolchains/arm-linux-androideabi-4.9/prebuilt/linux-x86_64/lib/gcc/arm-linux-androideabi/4.9.x]
  ignore line: [Selected GCC installation: /home/sahil/Android/Sdk/ndk/17.2.4988734/toolchains/arm-linux-androideabi-4.9/prebuilt/linux-x86_64/lib/gcc/arm-linux-androideabi/4.9.x]
  ignore line: [Candidate multilib: thumb]
  ignore line: [@mthumb]
  ignore line: [Candidate multilib: armv7-a]
  ignore line: [@march=armv7-a]
  ignore line: [Candidate multilib: armv7-a/thumb]
  ignore line: [@march=armv7-a@mthumb]
  ignore line: [Candidate multilib: .]
  ignore line: []
  ignore line: [Selected multilib: armv7-a/thumb]
  ignore line: [@march=armv7-a@mthumb]
  ignore line: [ "/home/sahil/Android/Sdk/ndk/17.2.4988734/toolchains/llvm/prebuilt/linux-x86_64/bin/clang++" -cc1 -triple thumbv7-none-linux-android -emit-obj -mrelax-all -mnoexecstack -disable-free -disable-llvm-verifier -discard-value-names -main-file-name CMakeCXXCompilerABI.cpp -mrelocation-model pic -pic-level 2 -pic-is-pie -mthread-model posix -mdisable-fp-elim -fmath-errno -masm-verbose -mconstructor-aliases -munwind-tables -fuse-init-array -target-cpu generic -target-feature +soft-float-abi -target-feature -fp-only-sp -target-feature +d16 -target-feature +vfp3 -target-feature -fp16 -target-feature -vfp4 -target-feature -fp-armv8 -target-feature -neon -target-feature -crypto -target-abi aapcs-linux -mfloat-abi soft -fallow-half-arguments-and-returns -dwarf-column-info -debug-info-kind=limited -dwarf-version=4 -debugger-tuning=gdb -v -ffunction-sections -coverage-notes-file /home/sahil/Downloads/depth_final/Depth_Estimation/app/.cxx/Debug/35g4t5h4/armeabi-v7a/CMakeFiles/CMakeTmp/CMakeFiles/cmTC_32983.dir/CMakeCXXCompilerABI.cpp.gcno -resource-dir /home/sahil/Android/Sdk/ndk/17.2.4988734/toolchains/llvm/prebuilt/linux-x86_64/lib64/clang/6.0.2 -dependency-file CMakeFiles/cmTC_32983.dir/CMakeCXXCompilerABI.cpp.o.d -sys-header-deps -MT CMakeFiles/cmTC_32983.dir/CMakeCXXCompilerABI.cpp.o -isystem /home/sahil/Android/Sdk/ndk/17.2.4988734/sources/cxx-stl/llvm-libc++/include -isystem /home/sahil/Android/Sdk/ndk/17.2.4988734/sources/android/support/include -isystem /home/sahil/Android/Sdk/ndk/17.2.4988734/sources/cxx-stl/llvm-libc++abi/include -isystem /home/sahil/Android/Sdk/ndk/17.2.4988734/sysroot/usr/include/arm-linux-androideabi -D __ANDROID_API__=24 -D ANDROID -isysroot /home/sahil/Android/Sdk/ndk/17.2.4988734/sysroot -internal-isystem /home/sahil/Android/Sdk/ndk/17.2.4988734/sysroot/usr/local/include -internal-isystem /home/sahil/Android/Sdk/ndk/17.2.4988734/toolchains/llvm/prebuilt/linux-x86_64/lib64/clang/6.0.2/include -internal-externc-isystem /home/sahil/Android/Sdk/ndk/17.2.4988734/sysroot/include -internal-externc-isystem /home/sahil/Android/Sdk/ndk/17.2.4988734/sysroot/usr/include -Wformat -std=c++11 -fdeprecated-macro -fdebug-compilation-dir /home/sahil/Downloads/depth_final/Depth_Estimation/app/.cxx/Debug/35g4t5h4/armeabi-v7a/CMakeFiles/CMakeTmp -ferror-limit 19 -fmessage-length 0 -femulated-tls -stack-protector 2 -fno-signed-char -fobjc-runtime=gcc -fcxx-exceptions -fexceptions -fdiagnostics-show-option -o CMakeFiles/cmTC_32983.dir/CMakeCXXCompilerABI.cpp.o -x c++ /home/sahil/Android/Sdk/cmake/3.18.1/share/cmake-3.18/Modules/CMakeCXXCompilerABI.cpp]
  ignore line: [clang -cc1 version 6.0.2 based upon LLVM 6.0.2svn default target x86_64-unknown-linux-gnu]
  ignore line: [ignoring nonexistent directory "/home/sahil/Android/Sdk/ndk/17.2.4988734/sysroot/usr/local/include"]
  ignore line: [ignoring nonexistent directory "/home/sahil/Android/Sdk/ndk/17.2.4988734/sysroot/include"]
  ignore line: [#include "..." search starts here:]
  ignore line: [#include <...> search starts here:]
  ignore line: [ /home/sahil/Android/Sdk/ndk/17.2.4988734/sources/cxx-stl/llvm-libc++/include]
  ignore line: [ /home/sahil/Android/Sdk/ndk/17.2.4988734/sources/android/support/include]
  ignore line: [ /home/sahil/Android/Sdk/ndk/17.2.4988734/sources/cxx-stl/llvm-libc++abi/include]
  ignore line: [ /home/sahil/Android/Sdk/ndk/17.2.4988734/sysroot/usr/include/arm-linux-androideabi]
  ignore line: [ /home/sahil/Android/Sdk/ndk/17.2.4988734/toolchains/llvm/prebuilt/linux-x86_64/lib64/clang/6.0.2/include]
  ignore line: [ /home/sahil/Android/Sdk/ndk/17.2.4988734/sysroot/usr/include]
  ignore line: [End of search list.]
  ignore line: [[2/2] Linking CXX executable cmTC_32983]
  ignore line: [Android (4691093 based on r316199) clang version 6.0.2 (https://android.googlesource.com/toolchain/clang 183abd29fc496f55536e7d904e0abae47888fc7f) (https://android.googlesource.com/toolchain/llvm 34361f192e41ed6e4e8f9aca80a4ea7e9856f327) (based on LLVM 6.0.2svn)]
  ignore line: [Target: armv7-none-linux-android]
  ignore line: [Thread model: posix]
  ignore line: [InstalledDir: /home/sahil/Android/Sdk/ndk/17.2.4988734/toolchains/llvm/prebuilt/linux-x86_64/bin]
  ignore line: [Found candidate GCC installation: /home/sahil/Android/Sdk/ndk/17.2.4988734/toolchains/arm-linux-androideabi-4.9/prebuilt/linux-x86_64/lib/gcc/arm-linux-androideabi/4.9.x]
  ignore line: [Selected GCC installation: /home/sahil/Android/Sdk/ndk/17.2.4988734/toolchains/arm-linux-androideabi-4.9/prebuilt/linux-x86_64/lib/gcc/arm-linux-androideabi/4.9.x]
  ignore line: [Candidate multilib: thumb]
  ignore line: [@mthumb]
  ignore line: [Candidate multilib: armv7-a]
  ignore line: [@march=armv7-a]
  ignore line: [Candidate multilib: armv7-a/thumb]
  ignore line: [@march=armv7-a@mthumb]
  ignore line: [Candidate multilib: .]
  ignore line: []
  ignore line: [Selected multilib: armv7-a/thumb]
  ignore line: [@march=armv7-a@mthumb]
  link line: [ "/home/sahil/Android/Sdk/ndk/17.2.4988734/toolchains/arm-linux-androideabi-4.9/prebuilt/linux-x86_64/lib/gcc/arm-linux-androideabi/4.9.x/../../../../arm-linux-androideabi/bin/ld" --sysroot=/home/sahil/Android/Sdk/ndk/17.2.4988734/platforms/android-24/arch-arm -pie -X --eh-frame-hdr -m armelf_linux_eabi -dynamic-linker /system/bin/linker -o cmTC_32983 /home/sahil/Android/Sdk/ndk/17.2.4988734/platforms/android-24/arch-arm/usr/lib/../lib/crtbegin_dynamic.o -L/home/sahil/Android/Sdk/ndk/17.2.4988734/sources/cxx-stl/llvm-libc++/libs/armeabi-v7a -L/home/sahil/Android/Sdk/ndk/17.2.4988734/toolchains/llvm/prebuilt/linux-x86_64/lib64/clang/6.0.2/lib/linux/arm -L/home/sahil/Android/Sdk/ndk/17.2.4988734/toolchains/arm-linux-androideabi-4.9/prebuilt/linux-x86_64/lib/gcc/arm-linux-androideabi/4.9.x/armv7-a/thumb -L/home/sahil/Android/Sdk/ndk/17.2.4988734/toolchains/arm-linux-androideabi-4.9/prebuilt/linux-x86_64/lib/gcc/arm-linux-androideabi/4.9.x/../../../../arm-linux-androideabi/lib/../lib/armv7-a/thumb -L/home/sahil/Android/Sdk/ndk/17.2.4988734/platforms/android-24/arch-arm/usr/lib/../lib -L/home/sahil/Android/Sdk/ndk/17.2.4988734/toolchains/arm-linux-androideabi-4.9/prebuilt/linux-x86_64/lib/gcc/arm-linux-androideabi/4.9.x/../../../../arm-linux-androideabi/lib/armv7-a/thumb -L/home/sahil/Android/Sdk/ndk/17.2.4988734/platforms/android-24/arch-arm/usr/lib --exclude-libs libgcc.a --exclude-libs libatomic.a --build-id --warn-shared-textrel --fatal-warnings --fix-cortex-a8 --exclude-libs libunwind.a --no-undefined -z noexecstack -z relro -z now --gc-sections -z nocopyreloc CMakeFiles/cmTC_32983.dir/CMakeCXXCompilerABI.cpp.o -lm -lgcc -lgcc -ldl -lc -lgcc -lgcc -ldl /home/sahil/Android/Sdk/ndk/17.2.4988734/platforms/android-24/arch-arm/usr/lib/../lib/crtend_android.o]
    arg [/home/sahil/Android/Sdk/ndk/17.2.4988734/toolchains/arm-linux-androideabi-4.9/prebuilt/linux-x86_64/lib/gcc/arm-linux-androideabi/4.9.x/../../../../arm-linux-androideabi/bin/ld] ==> ignore
    arg [--sysroot=/home/sahil/Android/Sdk/ndk/17.2.4988734/platforms/android-24/arch-arm] ==> ignore
    arg [-pie] ==> ignore
    arg [-X] ==> ignore
    arg [--eh-frame-hdr] ==> ignore
    arg [-m] ==> ignore
    arg [armelf_linux_eabi] ==> ignore
    arg [-dynamic-linker] ==> ignore
    arg [/system/bin/linker] ==> ignore
    arg [-o] ==> ignore
    arg [cmTC_32983] ==> ignore
    arg [/home/sahil/Android/Sdk/ndk/17.2.4988734/platforms/android-24/arch-arm/usr/lib/../lib/crtbegin_dynamic.o] ==> ignore
    arg [-L/home/sahil/Android/Sdk/ndk/17.2.4988734/sources/cxx-stl/llvm-libc++/libs/armeabi-v7a] ==> dir [/home/sahil/Android/Sdk/ndk/17.2.4988734/sources/cxx-stl/llvm-libc++/libs/armeabi-v7a]
    arg [-L/home/sahil/Android/Sdk/ndk/17.2.4988734/toolchains/llvm/prebuilt/linux-x86_64/lib64/clang/6.0.2/lib/linux/arm] ==> dir [/home/sahil/Android/Sdk/ndk/17.2.4988734/toolchains/llvm/prebuilt/linux-x86_64/lib64/clang/6.0.2/lib/linux/arm]
    arg [-L/home/sahil/Android/Sdk/ndk/17.2.4988734/toolchains/arm-linux-androideabi-4.9/prebuilt/linux-x86_64/lib/gcc/arm-linux-androideabi/4.9.x/armv7-a/thumb] ==> dir [/home/sahil/Android/Sdk/ndk/17.2.4988734/toolchains/arm-linux-androideabi-4.9/prebuilt/linux-x86_64/lib/gcc/arm-linux-androideabi/4.9.x/armv7-a/thumb]
    arg [-L/home/sahil/Android/Sdk/ndk/17.2.4988734/toolchains/arm-linux-androideabi-4.9/prebuilt/linux-x86_64/lib/gcc/arm-linux-androideabi/4.9.x/../../../../arm-linux-androideabi/lib/../lib/armv7-a/thumb] ==> dir [/home/sahil/Android/Sdk/ndk/17.2.4988734/toolchains/arm-linux-androideabi-4.9/prebuilt/linux-x86_64/lib/gcc/arm-linux-androideabi/4.9.x/../../../../arm-linux-androideabi/lib/../lib/armv7-a/thumb]
    arg [-L/home/sahil/Android/Sdk/ndk/17.2.4988734/platforms/android-24/arch-arm/usr/lib/../lib] ==> dir [/home/sahil/Android/Sdk/ndk/17.2.4988734/platforms/android-24/arch-arm/usr/lib/../lib]
    arg [-L/home/sahil/Android/Sdk/ndk/17.2.4988734/toolchains/arm-linux-androideabi-4.9/prebuilt/linux-x86_64/lib/gcc/arm-linux-androideabi/4.9.x/../../../../arm-linux-androideabi/lib/armv7-a/thumb] ==> dir [/home/sahil/Android/Sdk/ndk/17.2.4988734/toolchains/arm-linux-androideabi-4.9/prebuilt/linux-x86_64/lib/gcc/arm-linux-androideabi/4.9.x/../../../../arm-linux-androideabi/lib/armv7-a/thumb]
    arg [-L/home/sahil/Android/Sdk/ndk/17.2.4988734/platforms/android-24/arch-arm/usr/lib] ==> dir [/home/sahil/Android/Sdk/ndk/17.2.4988734/platforms/android-24/arch-arm/usr/lib]
    arg [--exclude-libs] ==> ignore
    arg [libgcc.a] ==> ignore
    arg [--exclude-libs] ==> ignore
    arg [libatomic.a] ==> ignore
    arg [--build-id] ==> ignore
    arg [--warn-shared-textrel] ==> ignore
    arg [--fatal-warnings] ==> ignore
    arg [--fix-cortex-a8] ==> ignore
    arg [--exclude-libs] ==> ignore
    arg [libunwind.a] ==> ignore
    arg [--no-undefined] ==> ignore
    arg [-znoexecstack] ==> ignore
    arg [-zrelro] ==> ignore
    arg [-znow] ==> ignore
    arg [--gc-sections] ==> ignore
    arg [-znocopyreloc] ==> ignore
    arg [CMakeFiles/cmTC_32983.dir/CMakeCXXCompilerABI.cpp.o] ==> ignore
    arg [-lm] ==> lib [m]
    arg [-lgcc] ==> lib [gcc]
    arg [-lgcc] ==> lib [gcc]
    arg [-ldl] ==> lib [dl]
    arg [-lc] ==> lib [c]
    arg [-lgcc] ==> lib [gcc]
    arg [-lgcc] ==> lib [gcc]
    arg [-ldl] ==> lib [dl]
    arg [/home/sahil/Android/Sdk/ndk/17.2.4988734/platforms/android-24/arch-arm/usr/lib/../lib/crtend_android.o] ==> ignore
  collapse library dir [/home/sahil/Android/Sdk/ndk/17.2.4988734/sources/cxx-stl/llvm-libc++/libs/armeabi-v7a] ==> [/home/sahil/Android/Sdk/ndk/17.2.4988734/sources/cxx-stl/llvm-libc++/libs/armeabi-v7a]
  collapse library dir [/home/sahil/Android/Sdk/ndk/17.2.4988734/toolchains/llvm/prebuilt/linux-x86_64/lib64/clang/6.0.2/lib/linux/arm] ==> [/home/sahil/Android/Sdk/ndk/17.2.4988734/toolchains/llvm/prebuilt/linux-x86_64/lib64/clang/6.0.2/lib/linux/arm]
  collapse library dir [/home/sahil/Android/Sdk/ndk/17.2.4988734/toolchains/arm-linux-androideabi-4.9/prebuilt/linux-x86_64/lib/gcc/arm-linux-androideabi/4.9.x/armv7-a/thumb] ==> [/home/sahil/Android/Sdk/ndk/17.2.4988734/toolchains/arm-linux-androideabi-4.9/prebuilt/linux-x86_64/lib/gcc/arm-linux-androideabi/4.9.x/armv7-a/thumb]
  collapse library dir [/home/sahil/Android/Sdk/ndk/17.2.4988734/toolchains/arm-linux-androideabi-4.9/prebuilt/linux-x86_64/lib/gcc/arm-linux-androideabi/4.9.x/../../../../arm-linux-androideabi/lib/../lib/armv7-a/thumb] ==> [/home/sahil/Android/Sdk/ndk/17.2.4988734/toolchains/arm-linux-androideabi-4.9/prebuilt/linux-x86_64/arm-linux-androideabi/lib/armv7-a/thumb]
  collapse library dir [/home/sahil/Android/Sdk/ndk/17.2.4988734/platforms/android-24/arch-arm/usr/lib/../lib] ==> [/home/sahil/Android/Sdk/ndk/17.2.4988734/platforms/android-24/arch-arm/usr/lib]
  collapse library dir [/home/sahil/Android/Sdk/ndk/17.2.4988734/toolchains/arm-linux-androideabi-4.9/prebuilt/linux-x86_64/lib/gcc/arm-linux-androideabi/4.9.x/../../../../arm-linux-androideabi/lib/armv7-a/thumb] ==> [/home/sahil/Android/Sdk/ndk/17.2.4988734/toolchains/arm-linux-androideabi-4.9/prebuilt/linux-x86_64/arm-linux-androideabi/lib/armv7-a/thumb]
  collapse library dir [/home/sahil/Android/Sdk/ndk/17.2.4988734/platforms/android-24/arch-arm/usr/lib] ==> [/home/sahil/Android/Sdk/ndk/17.2.4988734/platforms/android-24/arch-arm/usr/lib]
  implicit libs: [m;gcc;gcc;dl;c;gcc;gcc;dl]
  implicit dirs: [/home/sahil/Android/Sdk/ndk/17.2.4988734/sources/cxx-stl/llvm-libc++/libs/armeabi-v7a;/home/sahil/Android/Sdk/ndk/17.2.4988734/toolchains/llvm/prebuilt/linux-x86_64/lib64/clang/6.0.2/lib/linux/arm;/home/sahil/Android/Sdk/ndk/17.2.4988734/toolchains/arm-linux-androideabi-4.9/prebuilt/linux-x86_64/lib/gcc/arm-linux-androideabi/4.9.x/armv7-a/thumb;/home/sahil/Android/Sdk/ndk/17.2.4988734/toolchains/arm-linux-androideabi-4.9/prebuilt/linux-x86_64/arm-linux-androideabi/lib/armv7-a/thumb;/home/sahil/Android/Sdk/ndk/17.2.4988734/platforms/android-24/arch-arm/usr/lib]
  implicit fwks: []


