The target system is: Android - 1 - armv7-a
The host system is: Linux - 5.4.0-77-generic - x86_64
Detecting C compiler ABI info compiled with the following output:
Change Dir: /home/sachin/office_work/conscope/ndk-samples/camera/onetry/app/.cxx/Debug/5l5s1z4q/armeabi-v7a/CMakeFiles/CMakeTmp

Run Build Command(s):/home/sachin/Android/Sdk/cmake/3.18.1/bin/ninja cmTC_5207f && [1/2] Building C object CMakeFiles/cmTC_5207f.dir/CMakeCCompilerABI.c.o
Android (7155654, based on r399163b1) clang version 11.0.5 (https://android.googlesource.com/toolchain/llvm-project 87f1315dfbea7c137aa2e6d362dbb457e388158d)
Target: armv7-none-linux-android24
Thread model: posix
InstalledDir: /home/sachin/Android/Sdk/ndk/22.1.7171670/toolchains/llvm/prebuilt/linux-x86_64/bin
Found candidate GCC installation: /home/sachin/Android/Sdk/ndk/22.1.7171670/toolchains/llvm/prebuilt/linux-x86_64/lib/gcc/arm-linux-androideabi/4.9.x
Selected GCC installation: /home/sachin/Android/Sdk/ndk/22.1.7171670/toolchains/llvm/prebuilt/linux-x86_64/lib/gcc/arm-linux-androideabi/4.9.x
Candidate multilib: thumb;@mthumb
Candidate multilib: armv7-a;@march=armv7-a
Candidate multilib: armv7-a/thumb;@march=armv7-a@mthumb
Candidate multilib: .;
Selected multilib: armv7-a/thumb;@march=armv7-a@mthumb
 (in-process)
 "/home/sachin/Android/Sdk/ndk/22.1.7171670/toolchains/llvm/prebuilt/linux-x86_64/bin/clang" -cc1 -triple thumbv7-none-linux-android24 -emit-obj -mrelax-all -mnoexecstack -disable-free -disable-llvm-verifier -discard-value-names -main-file-name CMakeCCompilerABI.c -mrelocation-model pic -pic-level 2 -pic-is-pie -mframe-pointer=all -fno-rounding-math -mconstructor-aliases -munwind-tables -target-cpu generic -target-feature +soft-float-abi -target-feature +vfp2 -target-feature +vfp2sp -target-feature +vfp3 -target-feature +vfp3d16 -target-feature +vfp3d16sp -target-feature +vfp3sp -target-feature -fp16 -target-feature -vfp4 -target-feature -vfp4d16 -target-feature -vfp4d16sp -target-feature -vfp4sp -target-feature -fp-armv8 -target-feature -fp-armv8d16 -target-feature -fp-armv8d16sp -target-feature -fp-armv8sp -target-feature -fullfp16 -target-feature +fp64 -target-feature +d32 -target-feature +neon -target-feature -crypto -target-feature -fp16fml -target-abi aapcs-linux -mfloat-abi soft -fallow-half-arguments-and-returns -fno-split-dwarf-inlining -debug-info-kind=limited -dwarf-version=4 -debugger-tuning=gdb -v -ffunction-sections -fdata-sections -resource-dir /home/sachin/Android/Sdk/ndk/22.1.7171670/toolchains/llvm/prebuilt/linux-x86_64/lib64/clang/11.0.5 -dependency-file CMakeFiles/cmTC_5207f.dir/CMakeCCompilerABI.c.o.d -MT CMakeFiles/cmTC_5207f.dir/CMakeCCompilerABI.c.o -sys-header-deps -D ANDROID -D _FORTIFY_SOURCE=2 -isysroot /home/sachin/Android/Sdk/ndk/22.1.7171670/toolchains/llvm/prebuilt/linux-x86_64/sysroot -internal-isystem /home/sachin/Android/Sdk/ndk/22.1.7171670/toolchains/llvm/prebuilt/linux-x86_64/sysroot/usr/local/include -internal-isystem /home/sachin/Android/Sdk/ndk/22.1.7171670/toolchains/llvm/prebuilt/linux-x86_64/lib64/clang/11.0.5/include -internal-externc-isystem /home/sachin/Android/Sdk/ndk/22.1.7171670/toolchains/llvm/prebuilt/linux-x86_64/sysroot/usr/include/arm-linux-androideabi -internal-externc-isystem /home/sachin/Android/Sdk/ndk/22.1.7171670/toolchains/llvm/prebuilt/linux-x86_64/sysroot/include -internal-externc-isystem /home/sachin/Android/Sdk/ndk/22.1.7171670/toolchains/llvm/prebuilt/linux-x86_64/sysroot/usr/include -Wformat -fdebug-compilation-dir /home/sachin/office_work/conscope/ndk-samples/camera/onetry/app/.cxx/Debug/5l5s1z4q/armeabi-v7a/CMakeFiles/CMakeTmp -ferror-limit 19 -stack-protector 2 -fno-signed-char -fgnuc-version=4.2.1 -o CMakeFiles/cmTC_5207f.dir/CMakeCCompilerABI.c.o -x c /home/sachin/Android/Sdk/cmake/3.18.1/share/cmake-3.18/Modules/CMakeCCompilerABI.c
clang -cc1 version 11.0.5 based upon LLVM 11.0.5git default target x86_64-unknown-linux-gnu
ignoring nonexistent directory "/home/sachin/Android/Sdk/ndk/22.1.7171670/toolchains/llvm/prebuilt/linux-x86_64/sysroot/include"
#include "..." search starts here:
#include <...> search starts here:
 /home/sachin/Android/Sdk/ndk/22.1.7171670/toolchains/llvm/prebuilt/linux-x86_64/sysroot/usr/local/include
 /home/sachin/Android/Sdk/ndk/22.1.7171670/toolchains/llvm/prebuilt/linux-x86_64/lib64/clang/11.0.5/include
 /home/sachin/Android/Sdk/ndk/22.1.7171670/toolchains/llvm/prebuilt/linux-x86_64/sysroot/usr/include/arm-linux-androideabi
 /home/sachin/Android/Sdk/ndk/22.1.7171670/toolchains/llvm/prebuilt/linux-x86_64/sysroot/usr/include
End of search list.
[2/2] Linking C executable cmTC_5207f
Android (7155654, based on r399163b1) clang version 11.0.5 (https://android.googlesource.com/toolchain/llvm-project 87f1315dfbea7c137aa2e6d362dbb457e388158d)
Target: armv7-none-linux-android24
Thread model: posix
InstalledDir: /home/sachin/Android/Sdk/ndk/22.1.7171670/toolchains/llvm/prebuilt/linux-x86_64/bin
Found candidate GCC installation: /home/sachin/Android/Sdk/ndk/22.1.7171670/toolchains/llvm/prebuilt/linux-x86_64/lib/gcc/arm-linux-androideabi/4.9.x
Selected GCC installation: /home/sachin/Android/Sdk/ndk/22.1.7171670/toolchains/llvm/prebuilt/linux-x86_64/lib/gcc/arm-linux-androideabi/4.9.x
Candidate multilib: thumb;@mthumb
Candidate multilib: armv7-a;@march=armv7-a
Candidate multilib: armv7-a/thumb;@march=armv7-a@mthumb
Candidate multilib: .;
Selected multilib: armv7-a/thumb;@march=armv7-a@mthumb
 "/home/sachin/Android/Sdk/ndk/22.1.7171670/toolchains/llvm/prebuilt/linux-x86_64/bin/ld" --sysroot=/home/sachin/Android/Sdk/ndk/22.1.7171670/toolchains/llvm/prebuilt/linux-x86_64/sysroot -pie -z noexecstack -EL --warn-shared-textrel -z now -z relro -z max-page-size=4096 -X --hash-style=gnu --enable-new-dtags --eh-frame-hdr -m armelf_linux_eabi -dynamic-linker /system/bin/linker -o cmTC_5207f /home/sachin/Android/Sdk/ndk/22.1.7171670/toolchains/llvm/prebuilt/linux-x86_64/sysroot/usr/lib/arm-linux-androideabi/24/crtbegin_dynamic.o -L/home/sachin/Android/Sdk/ndk/22.1.7171670/toolchains/llvm/prebuilt/linux-x86_64/lib64/clang/11.0.5/lib/linux/arm -L/home/sachin/Android/Sdk/ndk/22.1.7171670/toolchains/llvm/prebuilt/linux-x86_64/lib/gcc/arm-linux-androideabi/4.9.x/armv7-a/thumb -L/home/sachin/Android/Sdk/ndk/22.1.7171670/toolchains/llvm/prebuilt/linux-x86_64/lib/gcc/arm-linux-androideabi/4.9.x/../../../../arm-linux-androideabi/lib/../lib/armv7-a/thumb -L/home/sachin/Android/Sdk/ndk/22.1.7171670/toolchains/llvm/prebuilt/linux-x86_64/sysroot/usr/lib/arm-linux-androideabi/24 -L/home/sachin/Android/Sdk/ndk/22.1.7171670/toolchains/llvm/prebuilt/linux-x86_64/sysroot/usr/lib/arm-linux-androideabi -L/home/sachin/Android/Sdk/ndk/22.1.7171670/toolchains/llvm/prebuilt/linux-x86_64/sysroot/usr/lib/../lib -L/home/sachin/Android/Sdk/ndk/22.1.7171670/toolchains/llvm/prebuilt/linux-x86_64/sysroot/usr/lib/arm-linux-androideabi/../../lib -L/home/sachin/Android/Sdk/ndk/22.1.7171670/toolchains/llvm/prebuilt/linux-x86_64/lib/gcc/arm-linux-androideabi/4.9.x/../../../../arm-linux-androideabi/lib/armv7-a/thumb -L/home/sachin/Android/Sdk/ndk/22.1.7171670/toolchains/llvm/prebuilt/linux-x86_64/sysroot/usr/lib --exclude-libs libgcc.a --exclude-libs libgcc_real.a --exclude-libs libatomic.a --build-id=sha1 --no-rosegment --fatal-warnings --exclude-libs libunwind.a --no-undefined --gc-sections CMakeFiles/cmTC_5207f.dir/CMakeCCompilerABI.c.o -lgcc -ldl -lc -lgcc -ldl /home/sachin/Android/Sdk/ndk/22.1.7171670/toolchains/llvm/prebuilt/linux-x86_64/sysroot/usr/lib/arm-linux-androideabi/24/crtend_android.o



Parsed C implicit include dir info from above output: rv=done
  found start of include info
  found start of implicit include info
    add: [/home/sachin/Android/Sdk/ndk/22.1.7171670/toolchains/llvm/prebuilt/linux-x86_64/sysroot/usr/local/include]
    add: [/home/sachin/Android/Sdk/ndk/22.1.7171670/toolchains/llvm/prebuilt/linux-x86_64/lib64/clang/11.0.5/include]
    add: [/home/sachin/Android/Sdk/ndk/22.1.7171670/toolchains/llvm/prebuilt/linux-x86_64/sysroot/usr/include/arm-linux-androideabi]
    add: [/home/sachin/Android/Sdk/ndk/22.1.7171670/toolchains/llvm/prebuilt/linux-x86_64/sysroot/usr/include]
  end of search list found
  collapse include dir [/home/sachin/Android/Sdk/ndk/22.1.7171670/toolchains/llvm/prebuilt/linux-x86_64/sysroot/usr/local/include] ==> [/home/sachin/Android/Sdk/ndk/22.1.7171670/toolchains/llvm/prebuilt/linux-x86_64/sysroot/usr/local/include]
  collapse include dir [/home/sachin/Android/Sdk/ndk/22.1.7171670/toolchains/llvm/prebuilt/linux-x86_64/lib64/clang/11.0.5/include] ==> [/home/sachin/Android/Sdk/ndk/22.1.7171670/toolchains/llvm/prebuilt/linux-x86_64/lib64/clang/11.0.5/include]
  collapse include dir [/home/sachin/Android/Sdk/ndk/22.1.7171670/toolchains/llvm/prebuilt/linux-x86_64/sysroot/usr/include/arm-linux-androideabi] ==> [/home/sachin/Android/Sdk/ndk/22.1.7171670/toolchains/llvm/prebuilt/linux-x86_64/sysroot/usr/include/arm-linux-androideabi]
  collapse include dir [/home/sachin/Android/Sdk/ndk/22.1.7171670/toolchains/llvm/prebuilt/linux-x86_64/sysroot/usr/include] ==> [/home/sachin/Android/Sdk/ndk/22.1.7171670/toolchains/llvm/prebuilt/linux-x86_64/sysroot/usr/include]
  implicit include dirs: [/home/sachin/Android/Sdk/ndk/22.1.7171670/toolchains/llvm/prebuilt/linux-x86_64/sysroot/usr/local/include;/home/sachin/Android/Sdk/ndk/22.1.7171670/toolchains/llvm/prebuilt/linux-x86_64/lib64/clang/11.0.5/include;/home/sachin/Android/Sdk/ndk/22.1.7171670/toolchains/llvm/prebuilt/linux-x86_64/sysroot/usr/include/arm-linux-androideabi;/home/sachin/Android/Sdk/ndk/22.1.7171670/toolchains/llvm/prebuilt/linux-x86_64/sysroot/usr/include]


Parsed C implicit link information from above output:
  link line regex: [^( *|.*[/\])(ld\.lld|CMAKE_LINK_STARTFILE-NOTFOUND|([^/\]+-)?ld|collect2)[^/\]*( |$)]
  ignore line: [Change Dir: /home/sachin/office_work/conscope/ndk-samples/camera/onetry/app/.cxx/Debug/5l5s1z4q/armeabi-v7a/CMakeFiles/CMakeTmp]
  ignore line: []
  ignore line: [Run Build Command(s):/home/sachin/Android/Sdk/cmake/3.18.1/bin/ninja cmTC_5207f && [1/2] Building C object CMakeFiles/cmTC_5207f.dir/CMakeCCompilerABI.c.o]
  ignore line: [Android (7155654  based on r399163b1) clang version 11.0.5 (https://android.googlesource.com/toolchain/llvm-project 87f1315dfbea7c137aa2e6d362dbb457e388158d)]
  ignore line: [Target: armv7-none-linux-android24]
  ignore line: [Thread model: posix]
  ignore line: [InstalledDir: /home/sachin/Android/Sdk/ndk/22.1.7171670/toolchains/llvm/prebuilt/linux-x86_64/bin]
  ignore line: [Found candidate GCC installation: /home/sachin/Android/Sdk/ndk/22.1.7171670/toolchains/llvm/prebuilt/linux-x86_64/lib/gcc/arm-linux-androideabi/4.9.x]
  ignore line: [Selected GCC installation: /home/sachin/Android/Sdk/ndk/22.1.7171670/toolchains/llvm/prebuilt/linux-x86_64/lib/gcc/arm-linux-androideabi/4.9.x]
  ignore line: [Candidate multilib: thumb]
  ignore line: [@mthumb]
  ignore line: [Candidate multilib: armv7-a]
  ignore line: [@march=armv7-a]
  ignore line: [Candidate multilib: armv7-a/thumb]
  ignore line: [@march=armv7-a@mthumb]
  ignore line: [Candidate multilib: .]
  ignore line: []
  ignore line: [Selected multilib: armv7-a/thumb]
  ignore line: [@march=armv7-a@mthumb]
  ignore line: [ (in-process)]
  ignore line: [ "/home/sachin/Android/Sdk/ndk/22.1.7171670/toolchains/llvm/prebuilt/linux-x86_64/bin/clang" -cc1 -triple thumbv7-none-linux-android24 -emit-obj -mrelax-all -mnoexecstack -disable-free -disable-llvm-verifier -discard-value-names -main-file-name CMakeCCompilerABI.c -mrelocation-model pic -pic-level 2 -pic-is-pie -mframe-pointer=all -fno-rounding-math -mconstructor-aliases -munwind-tables -target-cpu generic -target-feature +soft-float-abi -target-feature +vfp2 -target-feature +vfp2sp -target-feature +vfp3 -target-feature +vfp3d16 -target-feature +vfp3d16sp -target-feature +vfp3sp -target-feature -fp16 -target-feature -vfp4 -target-feature -vfp4d16 -target-feature -vfp4d16sp -target-feature -vfp4sp -target-feature -fp-armv8 -target-feature -fp-armv8d16 -target-feature -fp-armv8d16sp -target-feature -fp-armv8sp -target-feature -fullfp16 -target-feature +fp64 -target-feature +d32 -target-feature +neon -target-feature -crypto -target-feature -fp16fml -target-abi aapcs-linux -mfloat-abi soft -fallow-half-arguments-and-returns -fno-split-dwarf-inlining -debug-info-kind=limited -dwarf-version=4 -debugger-tuning=gdb -v -ffunction-sections -fdata-sections -resource-dir /home/sachin/Android/Sdk/ndk/22.1.7171670/toolchains/llvm/prebuilt/linux-x86_64/lib64/clang/11.0.5 -dependency-file CMakeFiles/cmTC_5207f.dir/CMakeCCompilerABI.c.o.d -MT CMakeFiles/cmTC_5207f.dir/CMakeCCompilerABI.c.o -sys-header-deps -D ANDROID -D _FORTIFY_SOURCE=2 -isysroot /home/sachin/Android/Sdk/ndk/22.1.7171670/toolchains/llvm/prebuilt/linux-x86_64/sysroot -internal-isystem /home/sachin/Android/Sdk/ndk/22.1.7171670/toolchains/llvm/prebuilt/linux-x86_64/sysroot/usr/local/include -internal-isystem /home/sachin/Android/Sdk/ndk/22.1.7171670/toolchains/llvm/prebuilt/linux-x86_64/lib64/clang/11.0.5/include -internal-externc-isystem /home/sachin/Android/Sdk/ndk/22.1.7171670/toolchains/llvm/prebuilt/linux-x86_64/sysroot/usr/include/arm-linux-androideabi -internal-externc-isystem /home/sachin/Android/Sdk/ndk/22.1.7171670/toolchains/llvm/prebuilt/linux-x86_64/sysroot/include -internal-externc-isystem /home/sachin/Android/Sdk/ndk/22.1.7171670/toolchains/llvm/prebuilt/linux-x86_64/sysroot/usr/include -Wformat -fdebug-compilation-dir /home/sachin/office_work/conscope/ndk-samples/camera/onetry/app/.cxx/Debug/5l5s1z4q/armeabi-v7a/CMakeFiles/CMakeTmp -ferror-limit 19 -stack-protector 2 -fno-signed-char -fgnuc-version=4.2.1 -o CMakeFiles/cmTC_5207f.dir/CMakeCCompilerABI.c.o -x c /home/sachin/Android/Sdk/cmake/3.18.1/share/cmake-3.18/Modules/CMakeCCompilerABI.c]
  ignore line: [clang -cc1 version 11.0.5 based upon LLVM 11.0.5git default target x86_64-unknown-linux-gnu]
  ignore line: [ignoring nonexistent directory "/home/sachin/Android/Sdk/ndk/22.1.7171670/toolchains/llvm/prebuilt/linux-x86_64/sysroot/include"]
  ignore line: [#include "..." search starts here:]
  ignore line: [#include <...> search starts here:]
  ignore line: [ /home/sachin/Android/Sdk/ndk/22.1.7171670/toolchains/llvm/prebuilt/linux-x86_64/sysroot/usr/local/include]
  ignore line: [ /home/sachin/Android/Sdk/ndk/22.1.7171670/toolchains/llvm/prebuilt/linux-x86_64/lib64/clang/11.0.5/include]
  ignore line: [ /home/sachin/Android/Sdk/ndk/22.1.7171670/toolchains/llvm/prebuilt/linux-x86_64/sysroot/usr/include/arm-linux-androideabi]
  ignore line: [ /home/sachin/Android/Sdk/ndk/22.1.7171670/toolchains/llvm/prebuilt/linux-x86_64/sysroot/usr/include]
  ignore line: [End of search list.]
  ignore line: [[2/2] Linking C executable cmTC_5207f]
  ignore line: [Android (7155654  based on r399163b1) clang version 11.0.5 (https://android.googlesource.com/toolchain/llvm-project 87f1315dfbea7c137aa2e6d362dbb457e388158d)]
  ignore line: [Target: armv7-none-linux-android24]
  ignore line: [Thread model: posix]
  ignore line: [InstalledDir: /home/sachin/Android/Sdk/ndk/22.1.7171670/toolchains/llvm/prebuilt/linux-x86_64/bin]
  ignore line: [Found candidate GCC installation: /home/sachin/Android/Sdk/ndk/22.1.7171670/toolchains/llvm/prebuilt/linux-x86_64/lib/gcc/arm-linux-androideabi/4.9.x]
  ignore line: [Selected GCC installation: /home/sachin/Android/Sdk/ndk/22.1.7171670/toolchains/llvm/prebuilt/linux-x86_64/lib/gcc/arm-linux-androideabi/4.9.x]
  ignore line: [Candidate multilib: thumb]
  ignore line: [@mthumb]
  ignore line: [Candidate multilib: armv7-a]
  ignore line: [@march=armv7-a]
  ignore line: [Candidate multilib: armv7-a/thumb]
  ignore line: [@march=armv7-a@mthumb]
  ignore line: [Candidate multilib: .]
  ignore line: []
  ignore line: [Selected multilib: armv7-a/thumb]
  ignore line: [@march=armv7-a@mthumb]
  link line: [ "/home/sachin/Android/Sdk/ndk/22.1.7171670/toolchains/llvm/prebuilt/linux-x86_64/bin/ld" --sysroot=/home/sachin/Android/Sdk/ndk/22.1.7171670/toolchains/llvm/prebuilt/linux-x86_64/sysroot -pie -z noexecstack -EL --warn-shared-textrel -z now -z relro -z max-page-size=4096 -X --hash-style=gnu --enable-new-dtags --eh-frame-hdr -m armelf_linux_eabi -dynamic-linker /system/bin/linker -o cmTC_5207f /home/sachin/Android/Sdk/ndk/22.1.7171670/toolchains/llvm/prebuilt/linux-x86_64/sysroot/usr/lib/arm-linux-androideabi/24/crtbegin_dynamic.o -L/home/sachin/Android/Sdk/ndk/22.1.7171670/toolchains/llvm/prebuilt/linux-x86_64/lib64/clang/11.0.5/lib/linux/arm -L/home/sachin/Android/Sdk/ndk/22.1.7171670/toolchains/llvm/prebuilt/linux-x86_64/lib/gcc/arm-linux-androideabi/4.9.x/armv7-a/thumb -L/home/sachin/Android/Sdk/ndk/22.1.7171670/toolchains/llvm/prebuilt/linux-x86_64/lib/gcc/arm-linux-androideabi/4.9.x/../../../../arm-linux-androideabi/lib/../lib/armv7-a/thumb -L/home/sachin/Android/Sdk/ndk/22.1.7171670/toolchains/llvm/prebuilt/linux-x86_64/sysroot/usr/lib/arm-linux-androideabi/24 -L/home/sachin/Android/Sdk/ndk/22.1.7171670/toolchains/llvm/prebuilt/linux-x86_64/sysroot/usr/lib/arm-linux-androideabi -L/home/sachin/Android/Sdk/ndk/22.1.7171670/toolchains/llvm/prebuilt/linux-x86_64/sysroot/usr/lib/../lib -L/home/sachin/Android/Sdk/ndk/22.1.7171670/toolchains/llvm/prebuilt/linux-x86_64/sysroot/usr/lib/arm-linux-androideabi/../../lib -L/home/sachin/Android/Sdk/ndk/22.1.7171670/toolchains/llvm/prebuilt/linux-x86_64/lib/gcc/arm-linux-androideabi/4.9.x/../../../../arm-linux-androideabi/lib/armv7-a/thumb -L/home/sachin/Android/Sdk/ndk/22.1.7171670/toolchains/llvm/prebuilt/linux-x86_64/sysroot/usr/lib --exclude-libs libgcc.a --exclude-libs libgcc_real.a --exclude-libs libatomic.a --build-id=sha1 --no-rosegment --fatal-warnings --exclude-libs libunwind.a --no-undefined --gc-sections CMakeFiles/cmTC_5207f.dir/CMakeCCompilerABI.c.o -lgcc -ldl -lc -lgcc -ldl /home/sachin/Android/Sdk/ndk/22.1.7171670/toolchains/llvm/prebuilt/linux-x86_64/sysroot/usr/lib/arm-linux-androideabi/24/crtend_android.o]
    arg [/home/sachin/Android/Sdk/ndk/22.1.7171670/toolchains/llvm/prebuilt/linux-x86_64/bin/ld] ==> ignore
    arg [--sysroot=/home/sachin/Android/Sdk/ndk/22.1.7171670/toolchains/llvm/prebuilt/linux-x86_64/sysroot] ==> ignore
    arg [-pie] ==> ignore
    arg [-znoexecstack] ==> ignore
    arg [-EL] ==> ignore
    arg [--warn-shared-textrel] ==> ignore
    arg [-znow] ==> ignore
    arg [-zrelro] ==> ignore
    arg [-zmax-page-size=4096] ==> ignore
    arg [-X] ==> ignore
    arg [--hash-style=gnu] ==> ignore
    arg [--enable-new-dtags] ==> ignore
    arg [--eh-frame-hdr] ==> ignore
    arg [-m] ==> ignore
    arg [armelf_linux_eabi] ==> ignore
    arg [-dynamic-linker] ==> ignore
    arg [/system/bin/linker] ==> ignore
    arg [-o] ==> ignore
    arg [cmTC_5207f] ==> ignore
    arg [/home/sachin/Android/Sdk/ndk/22.1.7171670/toolchains/llvm/prebuilt/linux-x86_64/sysroot/usr/lib/arm-linux-androideabi/24/crtbegin_dynamic.o] ==> ignore
    arg [-L/home/sachin/Android/Sdk/ndk/22.1.7171670/toolchains/llvm/prebuilt/linux-x86_64/lib64/clang/11.0.5/lib/linux/arm] ==> dir [/home/sachin/Android/Sdk/ndk/22.1.7171670/toolchains/llvm/prebuilt/linux-x86_64/lib64/clang/11.0.5/lib/linux/arm]
    arg [-L/home/sachin/Android/Sdk/ndk/22.1.7171670/toolchains/llvm/prebuilt/linux-x86_64/lib/gcc/arm-linux-androideabi/4.9.x/armv7-a/thumb] ==> dir [/home/sachin/Android/Sdk/ndk/22.1.7171670/toolchains/llvm/prebuilt/linux-x86_64/lib/gcc/arm-linux-androideabi/4.9.x/armv7-a/thumb]
    arg [-L/home/sachin/Android/Sdk/ndk/22.1.7171670/toolchains/llvm/prebuilt/linux-x86_64/lib/gcc/arm-linux-androideabi/4.9.x/../../../../arm-linux-androideabi/lib/../lib/armv7-a/thumb] ==> dir [/home/sachin/Android/Sdk/ndk/22.1.7171670/toolchains/llvm/prebuilt/linux-x86_64/lib/gcc/arm-linux-androideabi/4.9.x/../../../../arm-linux-androideabi/lib/../lib/armv7-a/thumb]
    arg [-L/home/sachin/Android/Sdk/ndk/22.1.7171670/toolchains/llvm/prebuilt/linux-x86_64/sysroot/usr/lib/arm-linux-androideabi/24] ==> dir [/home/sachin/Android/Sdk/ndk/22.1.7171670/toolchains/llvm/prebuilt/linux-x86_64/sysroot/usr/lib/arm-linux-androideabi/24]
    arg [-L/home/sachin/Android/Sdk/ndk/22.1.7171670/toolchains/llvm/prebuilt/linux-x86_64/sysroot/usr/lib/arm-linux-androideabi] ==> dir [/home/sachin/Android/Sdk/ndk/22.1.7171670/toolchains/llvm/prebuilt/linux-x86_64/sysroot/usr/lib/arm-linux-androideabi]
    arg [-L/home/sachin/Android/Sdk/ndk/22.1.7171670/toolchains/llvm/prebuilt/linux-x86_64/sysroot/usr/lib/../lib] ==> dir [/home/sachin/Android/Sdk/ndk/22.1.7171670/toolchains/llvm/prebuilt/linux-x86_64/sysroot/usr/lib/../lib]
    arg [-L/home/sachin/Android/Sdk/ndk/22.1.7171670/toolchains/llvm/prebuilt/linux-x86_64/sysroot/usr/lib/arm-linux-androideabi/../../lib] ==> dir [/home/sachin/Android/Sdk/ndk/22.1.7171670/toolchains/llvm/prebuilt/linux-x86_64/sysroot/usr/lib/arm-linux-androideabi/../../lib]
    arg [-L/home/sachin/Android/Sdk/ndk/22.1.7171670/toolchains/llvm/prebuilt/linux-x86_64/lib/gcc/arm-linux-androideabi/4.9.x/../../../../arm-linux-androideabi/lib/armv7-a/thumb] ==> dir [/home/sachin/Android/Sdk/ndk/22.1.7171670/toolchains/llvm/prebuilt/linux-x86_64/lib/gcc/arm-linux-androideabi/4.9.x/../../../../arm-linux-androideabi/lib/armv7-a/thumb]
    arg [-L/home/sachin/Android/Sdk/ndk/22.1.7171670/toolchains/llvm/prebuilt/linux-x86_64/sysroot/usr/lib] ==> dir [/home/sachin/Android/Sdk/ndk/22.1.7171670/toolchains/llvm/prebuilt/linux-x86_64/sysroot/usr/lib]
    arg [--exclude-libs] ==> ignore
    arg [libgcc.a] ==> ignore
    arg [--exclude-libs] ==> ignore
    arg [libgcc_real.a] ==> ignore
    arg [--exclude-libs] ==> ignore
    arg [libatomic.a] ==> ignore
    arg [--build-id=sha1] ==> ignore
    arg [--no-rosegment] ==> ignore
    arg [--fatal-warnings] ==> ignore
    arg [--exclude-libs] ==> ignore
    arg [libunwind.a] ==> ignore
    arg [--no-undefined] ==> ignore
    arg [--gc-sections] ==> ignore
    arg [CMakeFiles/cmTC_5207f.dir/CMakeCCompilerABI.c.o] ==> ignore
    arg [-lgcc] ==> lib [gcc]
    arg [-ldl] ==> lib [dl]
    arg [-lc] ==> lib [c]
    arg [-lgcc] ==> lib [gcc]
    arg [-ldl] ==> lib [dl]
    arg [/home/sachin/Android/Sdk/ndk/22.1.7171670/toolchains/llvm/prebuilt/linux-x86_64/sysroot/usr/lib/arm-linux-androideabi/24/crtend_android.o] ==> ignore
  collapse library dir [/home/sachin/Android/Sdk/ndk/22.1.7171670/toolchains/llvm/prebuilt/linux-x86_64/lib64/clang/11.0.5/lib/linux/arm] ==> [/home/sachin/Android/Sdk/ndk/22.1.7171670/toolchains/llvm/prebuilt/linux-x86_64/lib64/clang/11.0.5/lib/linux/arm]
  collapse library dir [/home/sachin/Android/Sdk/ndk/22.1.7171670/toolchains/llvm/prebuilt/linux-x86_64/lib/gcc/arm-linux-androideabi/4.9.x/armv7-a/thumb] ==> [/home/sachin/Android/Sdk/ndk/22.1.7171670/toolchains/llvm/prebuilt/linux-x86_64/lib/gcc/arm-linux-androideabi/4.9.x/armv7-a/thumb]
  collapse library dir [/home/sachin/Android/Sdk/ndk/22.1.7171670/toolchains/llvm/prebuilt/linux-x86_64/lib/gcc/arm-linux-androideabi/4.9.x/../../../../arm-linux-androideabi/lib/../lib/armv7-a/thumb] ==> [/home/sachin/Android/Sdk/ndk/22.1.7171670/toolchains/llvm/prebuilt/linux-x86_64/arm-linux-androideabi/lib/armv7-a/thumb]
  collapse library dir [/home/sachin/Android/Sdk/ndk/22.1.7171670/toolchains/llvm/prebuilt/linux-x86_64/sysroot/usr/lib/arm-linux-androideabi/24] ==> [/home/sachin/Android/Sdk/ndk/22.1.7171670/toolchains/llvm/prebuilt/linux-x86_64/sysroot/usr/lib/arm-linux-androideabi/24]
  collapse library dir [/home/sachin/Android/Sdk/ndk/22.1.7171670/toolchains/llvm/prebuilt/linux-x86_64/sysroot/usr/lib/arm-linux-androideabi] ==> [/home/sachin/Android/Sdk/ndk/22.1.7171670/toolchains/llvm/prebuilt/linux-x86_64/sysroot/usr/lib/arm-linux-androideabi]
  collapse library dir [/home/sachin/Android/Sdk/ndk/22.1.7171670/toolchains/llvm/prebuilt/linux-x86_64/sysroot/usr/lib/../lib] ==> [/home/sachin/Android/Sdk/ndk/22.1.7171670/toolchains/llvm/prebuilt/linux-x86_64/sysroot/usr/lib]
  collapse library dir [/home/sachin/Android/Sdk/ndk/22.1.7171670/toolchains/llvm/prebuilt/linux-x86_64/sysroot/usr/lib/arm-linux-androideabi/../../lib] ==> [/home/sachin/Android/Sdk/ndk/22.1.7171670/toolchains/llvm/prebuilt/linux-x86_64/sysroot/usr/lib]
  collapse library dir [/home/sachin/Android/Sdk/ndk/22.1.7171670/toolchains/llvm/prebuilt/linux-x86_64/lib/gcc/arm-linux-androideabi/4.9.x/../../../../arm-linux-androideabi/lib/armv7-a/thumb] ==> [/home/sachin/Android/Sdk/ndk/22.1.7171670/toolchains/llvm/prebuilt/linux-x86_64/arm-linux-androideabi/lib/armv7-a/thumb]
  collapse library dir [/home/sachin/Android/Sdk/ndk/22.1.7171670/toolchains/llvm/prebuilt/linux-x86_64/sysroot/usr/lib] ==> [/home/sachin/Android/Sdk/ndk/22.1.7171670/toolchains/llvm/prebuilt/linux-x86_64/sysroot/usr/lib]
  implicit libs: [gcc;dl;c;gcc;dl]
  implicit dirs: [/home/sachin/Android/Sdk/ndk/22.1.7171670/toolchains/llvm/prebuilt/linux-x86_64/lib64/clang/11.0.5/lib/linux/arm;/home/sachin/Android/Sdk/ndk/22.1.7171670/toolchains/llvm/prebuilt/linux-x86_64/lib/gcc/arm-linux-androideabi/4.9.x/armv7-a/thumb;/home/sachin/Android/Sdk/ndk/22.1.7171670/toolchains/llvm/prebuilt/linux-x86_64/arm-linux-androideabi/lib/armv7-a/thumb;/home/sachin/Android/Sdk/ndk/22.1.7171670/toolchains/llvm/prebuilt/linux-x86_64/sysroot/usr/lib/arm-linux-androideabi/24;/home/sachin/Android/Sdk/ndk/22.1.7171670/toolchains/llvm/prebuilt/linux-x86_64/sysroot/usr/lib/arm-linux-androideabi;/home/sachin/Android/Sdk/ndk/22.1.7171670/toolchains/llvm/prebuilt/linux-x86_64/sysroot/usr/lib]
  implicit fwks: []


Detecting CXX compiler ABI info compiled with the following output:
Change Dir: /home/sachin/office_work/conscope/ndk-samples/camera/onetry/app/.cxx/Debug/5l5s1z4q/armeabi-v7a/CMakeFiles/CMakeTmp

Run Build Command(s):/home/sachin/Android/Sdk/cmake/3.18.1/bin/ninja cmTC_d3978 && [1/2] Building CXX object CMakeFiles/cmTC_d3978.dir/CMakeCXXCompilerABI.cpp.o
Android (7155654, based on r399163b1) clang version 11.0.5 (https://android.googlesource.com/toolchain/llvm-project 87f1315dfbea7c137aa2e6d362dbb457e388158d)
Target: armv7-none-linux-android24
Thread model: posix
InstalledDir: /home/sachin/Android/Sdk/ndk/22.1.7171670/toolchains/llvm/prebuilt/linux-x86_64/bin
Found candidate GCC installation: /home/sachin/Android/Sdk/ndk/22.1.7171670/toolchains/llvm/prebuilt/linux-x86_64/lib/gcc/arm-linux-androideabi/4.9.x
Selected GCC installation: /home/sachin/Android/Sdk/ndk/22.1.7171670/toolchains/llvm/prebuilt/linux-x86_64/lib/gcc/arm-linux-androideabi/4.9.x
Candidate multilib: thumb;@mthumb
Candidate multilib: armv7-a;@march=armv7-a
Candidate multilib: armv7-a/thumb;@march=armv7-a@mthumb
Candidate multilib: .;
Selected multilib: armv7-a/thumb;@march=armv7-a@mthumb
 (in-process)
 "/home/sachin/Android/Sdk/ndk/22.1.7171670/toolchains/llvm/prebuilt/linux-x86_64/bin/clang++" -cc1 -triple thumbv7-none-linux-android24 -emit-obj -mrelax-all -mnoexecstack -disable-free -disable-llvm-verifier -discard-value-names -main-file-name CMakeCXXCompilerABI.cpp -mrelocation-model pic -pic-level 2 -pic-is-pie -mframe-pointer=all -fno-rounding-math -mconstructor-aliases -munwind-tables -target-cpu generic -target-feature +soft-float-abi -target-feature +vfp2 -target-feature +vfp2sp -target-feature +vfp3 -target-feature +vfp3d16 -target-feature +vfp3d16sp -target-feature +vfp3sp -target-feature -fp16 -target-feature -vfp4 -target-feature -vfp4d16 -target-feature -vfp4d16sp -target-feature -vfp4sp -target-feature -fp-armv8 -target-feature -fp-armv8d16 -target-feature -fp-armv8d16sp -target-feature -fp-armv8sp -target-feature -fullfp16 -target-feature +fp64 -target-feature +d32 -target-feature +neon -target-feature -crypto -target-feature -fp16fml -target-abi aapcs-linux -mfloat-abi soft -fallow-half-arguments-and-returns -fno-split-dwarf-inlining -debug-info-kind=limited -dwarf-version=4 -debugger-tuning=gdb -v -ffunction-sections -fdata-sections -resource-dir /home/sachin/Android/Sdk/ndk/22.1.7171670/toolchains/llvm/prebuilt/linux-x86_64/lib64/clang/11.0.5 -dependency-file CMakeFiles/cmTC_d3978.dir/CMakeCXXCompilerABI.cpp.o.d -MT CMakeFiles/cmTC_d3978.dir/CMakeCXXCompilerABI.cpp.o -sys-header-deps -D ANDROID -D _FORTIFY_SOURCE=2 -isysroot /home/sachin/Android/Sdk/ndk/22.1.7171670/toolchains/llvm/prebuilt/linux-x86_64/sysroot -internal-isystem /home/sachin/Android/Sdk/ndk/22.1.7171670/toolchains/llvm/prebuilt/linux-x86_64/sysroot/usr/include/c++/v1 -internal-isystem /home/sachin/Android/Sdk/ndk/22.1.7171670/toolchains/llvm/prebuilt/linux-x86_64/sysroot/usr/local/include -internal-isystem /home/sachin/Android/Sdk/ndk/22.1.7171670/toolchains/llvm/prebuilt/linux-x86_64/lib64/clang/11.0.5/include -internal-externc-isystem /home/sachin/Android/Sdk/ndk/22.1.7171670/toolchains/llvm/prebuilt/linux-x86_64/sysroot/usr/include/arm-linux-androideabi -internal-externc-isystem /home/sachin/Android/Sdk/ndk/22.1.7171670/toolchains/llvm/prebuilt/linux-x86_64/sysroot/include -internal-externc-isystem /home/sachin/Android/Sdk/ndk/22.1.7171670/toolchains/llvm/prebuilt/linux-x86_64/sysroot/usr/include -Wformat -fdeprecated-macro -fdebug-compilation-dir /home/sachin/office_work/conscope/ndk-samples/camera/onetry/app/.cxx/Debug/5l5s1z4q/armeabi-v7a/CMakeFiles/CMakeTmp -ferror-limit 19 -stack-protector 2 -fno-signed-char -fgnuc-version=4.2.1 -fcxx-exceptions -fexceptions -o CMakeFiles/cmTC_d3978.dir/CMakeCXXCompilerABI.cpp.o -x c++ /home/sachin/Android/Sdk/cmake/3.18.1/share/cmake-3.18/Modules/CMakeCXXCompilerABI.cpp
clang -cc1 version 11.0.5 based upon LLVM 11.0.5git default target x86_64-unknown-linux-gnu
ignoring nonexistent directory "/home/sachin/Android/Sdk/ndk/22.1.7171670/toolchains/llvm/prebuilt/linux-x86_64/sysroot/include"
#include "..." search starts here:
#include <...> search starts here:
 /home/sachin/Android/Sdk/ndk/22.1.7171670/toolchains/llvm/prebuilt/linux-x86_64/sysroot/usr/include/c++/v1
 /home/sachin/Android/Sdk/ndk/22.1.7171670/toolchains/llvm/prebuilt/linux-x86_64/sysroot/usr/local/include
 /home/sachin/Android/Sdk/ndk/22.1.7171670/toolchains/llvm/prebuilt/linux-x86_64/lib64/clang/11.0.5/include
 /home/sachin/Android/Sdk/ndk/22.1.7171670/toolchains/llvm/prebuilt/linux-x86_64/sysroot/usr/include/arm-linux-androideabi
 /home/sachin/Android/Sdk/ndk/22.1.7171670/toolchains/llvm/prebuilt/linux-x86_64/sysroot/usr/include
End of search list.
[2/2] Linking CXX executable cmTC_d3978
Android (7155654, based on r399163b1) clang version 11.0.5 (https://android.googlesource.com/toolchain/llvm-project 87f1315dfbea7c137aa2e6d362dbb457e388158d)
Target: armv7-none-linux-android24
Thread model: posix
InstalledDir: /home/sachin/Android/Sdk/ndk/22.1.7171670/toolchains/llvm/prebuilt/linux-x86_64/bin
Found candidate GCC installation: /home/sachin/Android/Sdk/ndk/22.1.7171670/toolchains/llvm/prebuilt/linux-x86_64/lib/gcc/arm-linux-androideabi/4.9.x
Selected GCC installation: /home/sachin/Android/Sdk/ndk/22.1.7171670/toolchains/llvm/prebuilt/linux-x86_64/lib/gcc/arm-linux-androideabi/4.9.x
Candidate multilib: thumb;@mthumb
Candidate multilib: armv7-a;@march=armv7-a
Candidate multilib: armv7-a/thumb;@march=armv7-a@mthumb
Candidate multilib: .;
Selected multilib: armv7-a/thumb;@march=armv7-a@mthumb
 "/home/sachin/Android/Sdk/ndk/22.1.7171670/toolchains/llvm/prebuilt/linux-x86_64/bin/ld" --sysroot=/home/sachin/Android/Sdk/ndk/22.1.7171670/toolchains/llvm/prebuilt/linux-x86_64/sysroot -pie -z noexecstack -EL --warn-shared-textrel -z now -z relro -z max-page-size=4096 -X --hash-style=gnu --enable-new-dtags --eh-frame-hdr -m armelf_linux_eabi -dynamic-linker /system/bin/linker -o cmTC_d3978 /home/sachin/Android/Sdk/ndk/22.1.7171670/toolchains/llvm/prebuilt/linux-x86_64/sysroot/usr/lib/arm-linux-androideabi/24/crtbegin_dynamic.o -L/home/sachin/Android/Sdk/ndk/22.1.7171670/toolchains/llvm/prebuilt/linux-x86_64/lib64/clang/11.0.5/lib/linux/arm -L/home/sachin/Android/Sdk/ndk/22.1.7171670/toolchains/llvm/prebuilt/linux-x86_64/lib/gcc/arm-linux-androideabi/4.9.x/armv7-a/thumb -L/home/sachin/Android/Sdk/ndk/22.1.7171670/toolchains/llvm/prebuilt/linux-x86_64/lib/gcc/arm-linux-androideabi/4.9.x/../../../../arm-linux-androideabi/lib/../lib/armv7-a/thumb -L/home/sachin/Android/Sdk/ndk/22.1.7171670/toolchains/llvm/prebuilt/linux-x86_64/sysroot/usr/lib/arm-linux-androideabi/24 -L/home/sachin/Android/Sdk/ndk/22.1.7171670/toolchains/llvm/prebuilt/linux-x86_64/sysroot/usr/lib/arm-linux-androideabi -L/home/sachin/Android/Sdk/ndk/22.1.7171670/toolchains/llvm/prebuilt/linux-x86_64/sysroot/usr/lib/../lib -L/home/sachin/Android/Sdk/ndk/22.1.7171670/toolchains/llvm/prebuilt/linux-x86_64/sysroot/usr/lib/arm-linux-androideabi/../../lib -L/home/sachin/Android/Sdk/ndk/22.1.7171670/toolchains/llvm/prebuilt/linux-x86_64/lib/gcc/arm-linux-androideabi/4.9.x/../../../../arm-linux-androideabi/lib/armv7-a/thumb -L/home/sachin/Android/Sdk/ndk/22.1.7171670/toolchains/llvm/prebuilt/linux-x86_64/sysroot/usr/lib --exclude-libs libgcc.a --exclude-libs libgcc_real.a --exclude-libs libatomic.a --build-id=sha1 --no-rosegment --fatal-warnings --exclude-libs libunwind.a --no-undefined --gc-sections CMakeFiles/cmTC_d3978.dir/CMakeCXXCompilerABI.cpp.o -lc++ -lm -lgcc -ldl -lc -lgcc -ldl /home/sachin/Android/Sdk/ndk/22.1.7171670/toolchains/llvm/prebuilt/linux-x86_64/sysroot/usr/lib/arm-linux-androideabi/24/crtend_android.o



Parsed CXX implicit include dir info from above output: rv=done
  found start of include info
  found start of implicit include info
    add: [/home/sachin/Android/Sdk/ndk/22.1.7171670/toolchains/llvm/prebuilt/linux-x86_64/sysroot/usr/include/c++/v1]
    add: [/home/sachin/Android/Sdk/ndk/22.1.7171670/toolchains/llvm/prebuilt/linux-x86_64/sysroot/usr/local/include]
    add: [/home/sachin/Android/Sdk/ndk/22.1.7171670/toolchains/llvm/prebuilt/linux-x86_64/lib64/clang/11.0.5/include]
    add: [/home/sachin/Android/Sdk/ndk/22.1.7171670/toolchains/llvm/prebuilt/linux-x86_64/sysroot/usr/include/arm-linux-androideabi]
    add: [/home/sachin/Android/Sdk/ndk/22.1.7171670/toolchains/llvm/prebuilt/linux-x86_64/sysroot/usr/include]
  end of search list found
  collapse include dir [/home/sachin/Android/Sdk/ndk/22.1.7171670/toolchains/llvm/prebuilt/linux-x86_64/sysroot/usr/include/c++/v1] ==> [/home/sachin/Android/Sdk/ndk/22.1.7171670/toolchains/llvm/prebuilt/linux-x86_64/sysroot/usr/include/c++/v1]
  collapse include dir [/home/sachin/Android/Sdk/ndk/22.1.7171670/toolchains/llvm/prebuilt/linux-x86_64/sysroot/usr/local/include] ==> [/home/sachin/Android/Sdk/ndk/22.1.7171670/toolchains/llvm/prebuilt/linux-x86_64/sysroot/usr/local/include]
  collapse include dir [/home/sachin/Android/Sdk/ndk/22.1.7171670/toolchains/llvm/prebuilt/linux-x86_64/lib64/clang/11.0.5/include] ==> [/home/sachin/Android/Sdk/ndk/22.1.7171670/toolchains/llvm/prebuilt/linux-x86_64/lib64/clang/11.0.5/include]
  collapse include dir [/home/sachin/Android/Sdk/ndk/22.1.7171670/toolchains/llvm/prebuilt/linux-x86_64/sysroot/usr/include/arm-linux-androideabi] ==> [/home/sachin/Android/Sdk/ndk/22.1.7171670/toolchains/llvm/prebuilt/linux-x86_64/sysroot/usr/include/arm-linux-androideabi]
  collapse include dir [/home/sachin/Android/Sdk/ndk/22.1.7171670/toolchains/llvm/prebuilt/linux-x86_64/sysroot/usr/include] ==> [/home/sachin/Android/Sdk/ndk/22.1.7171670/toolchains/llvm/prebuilt/linux-x86_64/sysroot/usr/include]
  implicit include dirs: [/home/sachin/Android/Sdk/ndk/22.1.7171670/toolchains/llvm/prebuilt/linux-x86_64/sysroot/usr/include/c++/v1;/home/sachin/Android/Sdk/ndk/22.1.7171670/toolchains/llvm/prebuilt/linux-x86_64/sysroot/usr/local/include;/home/sachin/Android/Sdk/ndk/22.1.7171670/toolchains/llvm/prebuilt/linux-x86_64/lib64/clang/11.0.5/include;/home/sachin/Android/Sdk/ndk/22.1.7171670/toolchains/llvm/prebuilt/linux-x86_64/sysroot/usr/include/arm-linux-androideabi;/home/sachin/Android/Sdk/ndk/22.1.7171670/toolchains/llvm/prebuilt/linux-x86_64/sysroot/usr/include]


Parsed CXX implicit link information from above output:
  link line regex: [^( *|.*[/\])(ld\.lld|CMAKE_LINK_STARTFILE-NOTFOUND|([^/\]+-)?ld|collect2)[^/\]*( |$)]
  ignore line: [Change Dir: /home/sachin/office_work/conscope/ndk-samples/camera/onetry/app/.cxx/Debug/5l5s1z4q/armeabi-v7a/CMakeFiles/CMakeTmp]
  ignore line: []
  ignore line: [Run Build Command(s):/home/sachin/Android/Sdk/cmake/3.18.1/bin/ninja cmTC_d3978 && [1/2] Building CXX object CMakeFiles/cmTC_d3978.dir/CMakeCXXCompilerABI.cpp.o]
  ignore line: [Android (7155654  based on r399163b1) clang version 11.0.5 (https://android.googlesource.com/toolchain/llvm-project 87f1315dfbea7c137aa2e6d362dbb457e388158d)]
  ignore line: [Target: armv7-none-linux-android24]
  ignore line: [Thread model: posix]
  ignore line: [InstalledDir: /home/sachin/Android/Sdk/ndk/22.1.7171670/toolchains/llvm/prebuilt/linux-x86_64/bin]
  ignore line: [Found candidate GCC installation: /home/sachin/Android/Sdk/ndk/22.1.7171670/toolchains/llvm/prebuilt/linux-x86_64/lib/gcc/arm-linux-androideabi/4.9.x]
  ignore line: [Selected GCC installation: /home/sachin/Android/Sdk/ndk/22.1.7171670/toolchains/llvm/prebuilt/linux-x86_64/lib/gcc/arm-linux-androideabi/4.9.x]
  ignore line: [Candidate multilib: thumb]
  ignore line: [@mthumb]
  ignore line: [Candidate multilib: armv7-a]
  ignore line: [@march=armv7-a]
  ignore line: [Candidate multilib: armv7-a/thumb]
  ignore line: [@march=armv7-a@mthumb]
  ignore line: [Candidate multilib: .]
  ignore line: []
  ignore line: [Selected multilib: armv7-a/thumb]
  ignore line: [@march=armv7-a@mthumb]
  ignore line: [ (in-process)]
  ignore line: [ "/home/sachin/Android/Sdk/ndk/22.1.7171670/toolchains/llvm/prebuilt/linux-x86_64/bin/clang++" -cc1 -triple thumbv7-none-linux-android24 -emit-obj -mrelax-all -mnoexecstack -disable-free -disable-llvm-verifier -discard-value-names -main-file-name CMakeCXXCompilerABI.cpp -mrelocation-model pic -pic-level 2 -pic-is-pie -mframe-pointer=all -fno-rounding-math -mconstructor-aliases -munwind-tables -target-cpu generic -target-feature +soft-float-abi -target-feature +vfp2 -target-feature +vfp2sp -target-feature +vfp3 -target-feature +vfp3d16 -target-feature +vfp3d16sp -target-feature +vfp3sp -target-feature -fp16 -target-feature -vfp4 -target-feature -vfp4d16 -target-feature -vfp4d16sp -target-feature -vfp4sp -target-feature -fp-armv8 -target-feature -fp-armv8d16 -target-feature -fp-armv8d16sp -target-feature -fp-armv8sp -target-feature -fullfp16 -target-feature +fp64 -target-feature +d32 -target-feature +neon -target-feature -crypto -target-feature -fp16fml -target-abi aapcs-linux -mfloat-abi soft -fallow-half-arguments-and-returns -fno-split-dwarf-inlining -debug-info-kind=limited -dwarf-version=4 -debugger-tuning=gdb -v -ffunction-sections -fdata-sections -resource-dir /home/sachin/Android/Sdk/ndk/22.1.7171670/toolchains/llvm/prebuilt/linux-x86_64/lib64/clang/11.0.5 -dependency-file CMakeFiles/cmTC_d3978.dir/CMakeCXXCompilerABI.cpp.o.d -MT CMakeFiles/cmTC_d3978.dir/CMakeCXXCompilerABI.cpp.o -sys-header-deps -D ANDROID -D _FORTIFY_SOURCE=2 -isysroot /home/sachin/Android/Sdk/ndk/22.1.7171670/toolchains/llvm/prebuilt/linux-x86_64/sysroot -internal-isystem /home/sachin/Android/Sdk/ndk/22.1.7171670/toolchains/llvm/prebuilt/linux-x86_64/sysroot/usr/include/c++/v1 -internal-isystem /home/sachin/Android/Sdk/ndk/22.1.7171670/toolchains/llvm/prebuilt/linux-x86_64/sysroot/usr/local/include -internal-isystem /home/sachin/Android/Sdk/ndk/22.1.7171670/toolchains/llvm/prebuilt/linux-x86_64/lib64/clang/11.0.5/include -internal-externc-isystem /home/sachin/Android/Sdk/ndk/22.1.7171670/toolchains/llvm/prebuilt/linux-x86_64/sysroot/usr/include/arm-linux-androideabi -internal-externc-isystem /home/sachin/Android/Sdk/ndk/22.1.7171670/toolchains/llvm/prebuilt/linux-x86_64/sysroot/include -internal-externc-isystem /home/sachin/Android/Sdk/ndk/22.1.7171670/toolchains/llvm/prebuilt/linux-x86_64/sysroot/usr/include -Wformat -fdeprecated-macro -fdebug-compilation-dir /home/sachin/office_work/conscope/ndk-samples/camera/onetry/app/.cxx/Debug/5l5s1z4q/armeabi-v7a/CMakeFiles/CMakeTmp -ferror-limit 19 -stack-protector 2 -fno-signed-char -fgnuc-version=4.2.1 -fcxx-exceptions -fexceptions -o CMakeFiles/cmTC_d3978.dir/CMakeCXXCompilerABI.cpp.o -x c++ /home/sachin/Android/Sdk/cmake/3.18.1/share/cmake-3.18/Modules/CMakeCXXCompilerABI.cpp]
  ignore line: [clang -cc1 version 11.0.5 based upon LLVM 11.0.5git default target x86_64-unknown-linux-gnu]
  ignore line: [ignoring nonexistent directory "/home/sachin/Android/Sdk/ndk/22.1.7171670/toolchains/llvm/prebuilt/linux-x86_64/sysroot/include"]
  ignore line: [#include "..." search starts here:]
  ignore line: [#include <...> search starts here:]
  ignore line: [ /home/sachin/Android/Sdk/ndk/22.1.7171670/toolchains/llvm/prebuilt/linux-x86_64/sysroot/usr/include/c++/v1]
  ignore line: [ /home/sachin/Android/Sdk/ndk/22.1.7171670/toolchains/llvm/prebuilt/linux-x86_64/sysroot/usr/local/include]
  ignore line: [ /home/sachin/Android/Sdk/ndk/22.1.7171670/toolchains/llvm/prebuilt/linux-x86_64/lib64/clang/11.0.5/include]
  ignore line: [ /home/sachin/Android/Sdk/ndk/22.1.7171670/toolchains/llvm/prebuilt/linux-x86_64/sysroot/usr/include/arm-linux-androideabi]
  ignore line: [ /home/sachin/Android/Sdk/ndk/22.1.7171670/toolchains/llvm/prebuilt/linux-x86_64/sysroot/usr/include]
  ignore line: [End of search list.]
  ignore line: [[2/2] Linking CXX executable cmTC_d3978]
  ignore line: [Android (7155654  based on r399163b1) clang version 11.0.5 (https://android.googlesource.com/toolchain/llvm-project 87f1315dfbea7c137aa2e6d362dbb457e388158d)]
  ignore line: [Target: armv7-none-linux-android24]
  ignore line: [Thread model: posix]
  ignore line: [InstalledDir: /home/sachin/Android/Sdk/ndk/22.1.7171670/toolchains/llvm/prebuilt/linux-x86_64/bin]
  ignore line: [Found candidate GCC installation: /home/sachin/Android/Sdk/ndk/22.1.7171670/toolchains/llvm/prebuilt/linux-x86_64/lib/gcc/arm-linux-androideabi/4.9.x]
  ignore line: [Selected GCC installation: /home/sachin/Android/Sdk/ndk/22.1.7171670/toolchains/llvm/prebuilt/linux-x86_64/lib/gcc/arm-linux-androideabi/4.9.x]
  ignore line: [Candidate multilib: thumb]
  ignore line: [@mthumb]
  ignore line: [Candidate multilib: armv7-a]
  ignore line: [@march=armv7-a]
  ignore line: [Candidate multilib: armv7-a/thumb]
  ignore line: [@march=armv7-a@mthumb]
  ignore line: [Candidate multilib: .]
  ignore line: []
  ignore line: [Selected multilib: armv7-a/thumb]
  ignore line: [@march=armv7-a@mthumb]
  link line: [ "/home/sachin/Android/Sdk/ndk/22.1.7171670/toolchains/llvm/prebuilt/linux-x86_64/bin/ld" --sysroot=/home/sachin/Android/Sdk/ndk/22.1.7171670/toolchains/llvm/prebuilt/linux-x86_64/sysroot -pie -z noexecstack -EL --warn-shared-textrel -z now -z relro -z max-page-size=4096 -X --hash-style=gnu --enable-new-dtags --eh-frame-hdr -m armelf_linux_eabi -dynamic-linker /system/bin/linker -o cmTC_d3978 /home/sachin/Android/Sdk/ndk/22.1.7171670/toolchains/llvm/prebuilt/linux-x86_64/sysroot/usr/lib/arm-linux-androideabi/24/crtbegin_dynamic.o -L/home/sachin/Android/Sdk/ndk/22.1.7171670/toolchains/llvm/prebuilt/linux-x86_64/lib64/clang/11.0.5/lib/linux/arm -L/home/sachin/Android/Sdk/ndk/22.1.7171670/toolchains/llvm/prebuilt/linux-x86_64/lib/gcc/arm-linux-androideabi/4.9.x/armv7-a/thumb -L/home/sachin/Android/Sdk/ndk/22.1.7171670/toolchains/llvm/prebuilt/linux-x86_64/lib/gcc/arm-linux-androideabi/4.9.x/../../../../arm-linux-androideabi/lib/../lib/armv7-a/thumb -L/home/sachin/Android/Sdk/ndk/22.1.7171670/toolchains/llvm/prebuilt/linux-x86_64/sysroot/usr/lib/arm-linux-androideabi/24 -L/home/sachin/Android/Sdk/ndk/22.1.7171670/toolchains/llvm/prebuilt/linux-x86_64/sysroot/usr/lib/arm-linux-androideabi -L/home/sachin/Android/Sdk/ndk/22.1.7171670/toolchains/llvm/prebuilt/linux-x86_64/sysroot/usr/lib/../lib -L/home/sachin/Android/Sdk/ndk/22.1.7171670/toolchains/llvm/prebuilt/linux-x86_64/sysroot/usr/lib/arm-linux-androideabi/../../lib -L/home/sachin/Android/Sdk/ndk/22.1.7171670/toolchains/llvm/prebuilt/linux-x86_64/lib/gcc/arm-linux-androideabi/4.9.x/../../../../arm-linux-androideabi/lib/armv7-a/thumb -L/home/sachin/Android/Sdk/ndk/22.1.7171670/toolchains/llvm/prebuilt/linux-x86_64/sysroot/usr/lib --exclude-libs libgcc.a --exclude-libs libgcc_real.a --exclude-libs libatomic.a --build-id=sha1 --no-rosegment --fatal-warnings --exclude-libs libunwind.a --no-undefined --gc-sections CMakeFiles/cmTC_d3978.dir/CMakeCXXCompilerABI.cpp.o -lc++ -lm -lgcc -ldl -lc -lgcc -ldl /home/sachin/Android/Sdk/ndk/22.1.7171670/toolchains/llvm/prebuilt/linux-x86_64/sysroot/usr/lib/arm-linux-androideabi/24/crtend_android.o]
    arg [/home/sachin/Android/Sdk/ndk/22.1.7171670/toolchains/llvm/prebuilt/linux-x86_64/bin/ld] ==> ignore
    arg [--sysroot=/home/sachin/Android/Sdk/ndk/22.1.7171670/toolchains/llvm/prebuilt/linux-x86_64/sysroot] ==> ignore
    arg [-pie] ==> ignore
    arg [-znoexecstack] ==> ignore
    arg [-EL] ==> ignore
    arg [--warn-shared-textrel] ==> ignore
    arg [-znow] ==> ignore
    arg [-zrelro] ==> ignore
    arg [-zmax-page-size=4096] ==> ignore
    arg [-X] ==> ignore
    arg [--hash-style=gnu] ==> ignore
    arg [--enable-new-dtags] ==> ignore
    arg [--eh-frame-hdr] ==> ignore
    arg [-m] ==> ignore
    arg [armelf_linux_eabi] ==> ignore
    arg [-dynamic-linker] ==> ignore
    arg [/system/bin/linker] ==> ignore
    arg [-o] ==> ignore
    arg [cmTC_d3978] ==> ignore
    arg [/home/sachin/Android/Sdk/ndk/22.1.7171670/toolchains/llvm/prebuilt/linux-x86_64/sysroot/usr/lib/arm-linux-androideabi/24/crtbegin_dynamic.o] ==> ignore
    arg [-L/home/sachin/Android/Sdk/ndk/22.1.7171670/toolchains/llvm/prebuilt/linux-x86_64/lib64/clang/11.0.5/lib/linux/arm] ==> dir [/home/sachin/Android/Sdk/ndk/22.1.7171670/toolchains/llvm/prebuilt/linux-x86_64/lib64/clang/11.0.5/lib/linux/arm]
    arg [-L/home/sachin/Android/Sdk/ndk/22.1.7171670/toolchains/llvm/prebuilt/linux-x86_64/lib/gcc/arm-linux-androideabi/4.9.x/armv7-a/thumb] ==> dir [/home/sachin/Android/Sdk/ndk/22.1.7171670/toolchains/llvm/prebuilt/linux-x86_64/lib/gcc/arm-linux-androideabi/4.9.x/armv7-a/thumb]
    arg [-L/home/sachin/Android/Sdk/ndk/22.1.7171670/toolchains/llvm/prebuilt/linux-x86_64/lib/gcc/arm-linux-androideabi/4.9.x/../../../../arm-linux-androideabi/lib/../lib/armv7-a/thumb] ==> dir [/home/sachin/Android/Sdk/ndk/22.1.7171670/toolchains/llvm/prebuilt/linux-x86_64/lib/gcc/arm-linux-androideabi/4.9.x/../../../../arm-linux-androideabi/lib/../lib/armv7-a/thumb]
    arg [-L/home/sachin/Android/Sdk/ndk/22.1.7171670/toolchains/llvm/prebuilt/linux-x86_64/sysroot/usr/lib/arm-linux-androideabi/24] ==> dir [/home/sachin/Android/Sdk/ndk/22.1.7171670/toolchains/llvm/prebuilt/linux-x86_64/sysroot/usr/lib/arm-linux-androideabi/24]
    arg [-L/home/sachin/Android/Sdk/ndk/22.1.7171670/toolchains/llvm/prebuilt/linux-x86_64/sysroot/usr/lib/arm-linux-androideabi] ==> dir [/home/sachin/Android/Sdk/ndk/22.1.7171670/toolchains/llvm/prebuilt/linux-x86_64/sysroot/usr/lib/arm-linux-androideabi]
    arg [-L/home/sachin/Android/Sdk/ndk/22.1.7171670/toolchains/llvm/prebuilt/linux-x86_64/sysroot/usr/lib/../lib] ==> dir [/home/sachin/Android/Sdk/ndk/22.1.7171670/toolchains/llvm/prebuilt/linux-x86_64/sysroot/usr/lib/../lib]
    arg [-L/home/sachin/Android/Sdk/ndk/22.1.7171670/toolchains/llvm/prebuilt/linux-x86_64/sysroot/usr/lib/arm-linux-androideabi/../../lib] ==> dir [/home/sachin/Android/Sdk/ndk/22.1.7171670/toolchains/llvm/prebuilt/linux-x86_64/sysroot/usr/lib/arm-linux-androideabi/../../lib]
    arg [-L/home/sachin/Android/Sdk/ndk/22.1.7171670/toolchains/llvm/prebuilt/linux-x86_64/lib/gcc/arm-linux-androideabi/4.9.x/../../../../arm-linux-androideabi/lib/armv7-a/thumb] ==> dir [/home/sachin/Android/Sdk/ndk/22.1.7171670/toolchains/llvm/prebuilt/linux-x86_64/lib/gcc/arm-linux-androideabi/4.9.x/../../../../arm-linux-androideabi/lib/armv7-a/thumb]
    arg [-L/home/sachin/Android/Sdk/ndk/22.1.7171670/toolchains/llvm/prebuilt/linux-x86_64/sysroot/usr/lib] ==> dir [/home/sachin/Android/Sdk/ndk/22.1.7171670/toolchains/llvm/prebuilt/linux-x86_64/sysroot/usr/lib]
    arg [--exclude-libs] ==> ignore
    arg [libgcc.a] ==> ignore
    arg [--exclude-libs] ==> ignore
    arg [libgcc_real.a] ==> ignore
    arg [--exclude-libs] ==> ignore
    arg [libatomic.a] ==> ignore
    arg [--build-id=sha1] ==> ignore
    arg [--no-rosegment] ==> ignore
    arg [--fatal-warnings] ==> ignore
    arg [--exclude-libs] ==> ignore
    arg [libunwind.a] ==> ignore
    arg [--no-undefined] ==> ignore
    arg [--gc-sections] ==> ignore
    arg [CMakeFiles/cmTC_d3978.dir/CMakeCXXCompilerABI.cpp.o] ==> ignore
    arg [-lc++] ==> lib [c++]
    arg [-lm] ==> lib [m]
    arg [-lgcc] ==> lib [gcc]
    arg [-ldl] ==> lib [dl]
    arg [-lc] ==> lib [c]
    arg [-lgcc] ==> lib [gcc]
    arg [-ldl] ==> lib [dl]
    arg [/home/sachin/Android/Sdk/ndk/22.1.7171670/toolchains/llvm/prebuilt/linux-x86_64/sysroot/usr/lib/arm-linux-androideabi/24/crtend_android.o] ==> ignore
  collapse library dir [/home/sachin/Android/Sdk/ndk/22.1.7171670/toolchains/llvm/prebuilt/linux-x86_64/lib64/clang/11.0.5/lib/linux/arm] ==> [/home/sachin/Android/Sdk/ndk/22.1.7171670/toolchains/llvm/prebuilt/linux-x86_64/lib64/clang/11.0.5/lib/linux/arm]
  collapse library dir [/home/sachin/Android/Sdk/ndk/22.1.7171670/toolchains/llvm/prebuilt/linux-x86_64/lib/gcc/arm-linux-androideabi/4.9.x/armv7-a/thumb] ==> [/home/sachin/Android/Sdk/ndk/22.1.7171670/toolchains/llvm/prebuilt/linux-x86_64/lib/gcc/arm-linux-androideabi/4.9.x/armv7-a/thumb]
  collapse library dir [/home/sachin/Android/Sdk/ndk/22.1.7171670/toolchains/llvm/prebuilt/linux-x86_64/lib/gcc/arm-linux-androideabi/4.9.x/../../../../arm-linux-androideabi/lib/../lib/armv7-a/thumb] ==> [/home/sachin/Android/Sdk/ndk/22.1.7171670/toolchains/llvm/prebuilt/linux-x86_64/arm-linux-androideabi/lib/armv7-a/thumb]
  collapse library dir [/home/sachin/Android/Sdk/ndk/22.1.7171670/toolchains/llvm/prebuilt/linux-x86_64/sysroot/usr/lib/arm-linux-androideabi/24] ==> [/home/sachin/Android/Sdk/ndk/22.1.7171670/toolchains/llvm/prebuilt/linux-x86_64/sysroot/usr/lib/arm-linux-androideabi/24]
  collapse library dir [/home/sachin/Android/Sdk/ndk/22.1.7171670/toolchains/llvm/prebuilt/linux-x86_64/sysroot/usr/lib/arm-linux-androideabi] ==> [/home/sachin/Android/Sdk/ndk/22.1.7171670/toolchains/llvm/prebuilt/linux-x86_64/sysroot/usr/lib/arm-linux-androideabi]
  collapse library dir [/home/sachin/Android/Sdk/ndk/22.1.7171670/toolchains/llvm/prebuilt/linux-x86_64/sysroot/usr/lib/../lib] ==> [/home/sachin/Android/Sdk/ndk/22.1.7171670/toolchains/llvm/prebuilt/linux-x86_64/sysroot/usr/lib]
  collapse library dir [/home/sachin/Android/Sdk/ndk/22.1.7171670/toolchains/llvm/prebuilt/linux-x86_64/sysroot/usr/lib/arm-linux-androideabi/../../lib] ==> [/home/sachin/Android/Sdk/ndk/22.1.7171670/toolchains/llvm/prebuilt/linux-x86_64/sysroot/usr/lib]
  collapse library dir [/home/sachin/Android/Sdk/ndk/22.1.7171670/toolchains/llvm/prebuilt/linux-x86_64/lib/gcc/arm-linux-androideabi/4.9.x/../../../../arm-linux-androideabi/lib/armv7-a/thumb] ==> [/home/sachin/Android/Sdk/ndk/22.1.7171670/toolchains/llvm/prebuilt/linux-x86_64/arm-linux-androideabi/lib/armv7-a/thumb]
  collapse library dir [/home/sachin/Android/Sdk/ndk/22.1.7171670/toolchains/llvm/prebuilt/linux-x86_64/sysroot/usr/lib] ==> [/home/sachin/Android/Sdk/ndk/22.1.7171670/toolchains/llvm/prebuilt/linux-x86_64/sysroot/usr/lib]
  implicit libs: [c++;m;gcc;dl;c;gcc;dl]
  implicit dirs: [/home/sachin/Android/Sdk/ndk/22.1.7171670/toolchains/llvm/prebuilt/linux-x86_64/lib64/clang/11.0.5/lib/linux/arm;/home/sachin/Android/Sdk/ndk/22.1.7171670/toolchains/llvm/prebuilt/linux-x86_64/lib/gcc/arm-linux-androideabi/4.9.x/armv7-a/thumb;/home/sachin/Android/Sdk/ndk/22.1.7171670/toolchains/llvm/prebuilt/linux-x86_64/arm-linux-androideabi/lib/armv7-a/thumb;/home/sachin/Android/Sdk/ndk/22.1.7171670/toolchains/llvm/prebuilt/linux-x86_64/sysroot/usr/lib/arm-linux-androideabi/24;/home/sachin/Android/Sdk/ndk/22.1.7171670/toolchains/llvm/prebuilt/linux-x86_64/sysroot/usr/lib/arm-linux-androideabi;/home/sachin/Android/Sdk/ndk/22.1.7171670/toolchains/llvm/prebuilt/linux-x86_64/sysroot/usr/lib]
  implicit fwks: []


